{"numTotalTestSuites":136,"numPassedTestSuites":136,"numFailedTestSuites":0,"numPendingTestSuites":0,"numTotalTests":402,"numPassedTests":402,"numFailedTests":0,"numPendingTests":0,"numTodoTests":0,"snapshot":{"added":0,"failure":false,"filesAdded":0,"filesRemoved":0,"filesRemovedList":[],"filesUnmatched":0,"filesUpdated":0,"matched":0,"total":0,"unchecked":0,"uncheckedKeysByFile":[],"unmatched":0,"updated":0,"didUpdate":false},"startTime":1780349700617,"success":true,"testResults":[{"assertionResults":[{"ancestorTitles":["API response helpers"],"fullName":"API response helpers risposta di successo ha status 200","status":"passed","title":"risposta di successo ha status 200","duration":0.9832169999999678,"failureMessages":[],"meta":{}},{"ancestorTitles":["API response helpers"],"fullName":"API response helpers risposta di errore ha ok=false","status":"passed","title":"risposta di errore ha ok=false","duration":0.20121799999992618,"failureMessages":[],"meta":{}},{"ancestorTitles":["API response helpers"],"fullName":"API response helpers risposta 500 è server error","status":"passed","title":"risposta 500 è server error","duration":0.13133499999992182,"failureMessages":[],"meta":{}},{"ancestorTitles":["Query string parsing"],"fullName":"Query string parsing estrae parametri da query string","status":"passed","title":"estrae parametri da query string","duration":1.319123999999988,"failureMessages":[],"meta":{}}],"startTime":1780349708495,"endTime":1780349708497.319,"status":"passed","message":"","name":"/home/runner/work/gencry/gencry/tests/api/health.test.ts"},{"assertionResults":[{"ancestorTitles":["Contenuti schema — slug"],"fullName":"Contenuti schema — slug accetta slug semplice lowercase","status":"passed","title":"accetta slug semplice lowercase","duration":2.945834999999988,"failureMessages":[],"meta":{}},{"ancestorTitles":["Contenuti schema — slug"],"fullName":"Contenuti schema — slug accetta slug con trattini","status":"passed","title":"accetta slug con trattini","duration":0.24441200000001118,"failureMessages":[],"meta":{}},{"ancestorTitles":["Contenuti schema — slug"],"fullName":"Contenuti schema — slug accetta slug con slash (sottocartella)","status":"passed","title":"accetta slug con slash (sottocartella)","duration":0.22126800000000912,"failureMessages":[],"meta":{}},{"ancestorTitles":["Contenuti schema — slug"],"fullName":"Contenuti schema — slug rifiuta slug vuoto","status":"passed","title":"rifiuta slug vuoto","duration":0.7735160000001997,"failureMessages":[],"meta":{}},{"ancestorTitles":["Contenuti schema — slug"],"fullName":"Contenuti schema — slug rifiuta slug con lettere maiuscole","status":"passed","title":"rifiuta slug con lettere maiuscole","duration":0.5204420000000027,"failureMessages":[],"meta":{}},{"ancestorTitles":["Contenuti schema — slug"],"fullName":"Contenuti schema — slug rifiuta slug con spazi","status":"passed","title":"rifiuta slug con spazi","duration":0.2441910000000007,"failureMessages":[],"meta":{}},{"ancestorTitles":["Contenuti schema — slug"],"fullName":"Contenuti schema — slug rifiuta slug che inizia con trattino","status":"passed","title":"rifiuta slug che inizia con trattino","duration":0.20928000000003522,"failureMessages":[],"meta":{}},{"ancestorTitles":["Contenuti schema — slug"],"fullName":"Contenuti schema — slug rifiuta slug che termina con slash","status":"passed","title":"rifiuta slug che termina con slash","duration":0.23601000000007843,"failureMessages":[],"meta":{}},{"ancestorTitles":["Contenuti schema — slug"],"fullName":"Contenuti schema — slug rifiuta slug con doppio slash","status":"passed","title":"rifiuta slug con doppio slash","duration":0.35521700000003875,"failureMessages":[],"meta":{}},{"ancestorTitles":["Contenuti schema — slug"],"fullName":"Contenuti schema — slug rifiuta slug oltre 255 caratteri","status":"passed","title":"rifiuta slug oltre 255 caratteri","duration":0.49856899999986126,"failureMessages":[],"meta":{}},{"ancestorTitles":["Contenuti schema — title"],"fullName":"Contenuti schema — title rifiuta titolo vuoto","status":"passed","title":"rifiuta titolo vuoto","duration":0.349617999999964,"failureMessages":[],"meta":{}},{"ancestorTitles":["Contenuti schema — title"],"fullName":"Contenuti schema — title rifiuta titolo oltre 255 caratteri","status":"passed","title":"rifiuta titolo oltre 255 caratteri","duration":0.25646899999992456,"failureMessages":[],"meta":{}},{"ancestorTitles":["Contenuti schema — title"],"fullName":"Contenuti schema — title accetta titolo di esattamente 255 caratteri","status":"passed","title":"accetta titolo di esattamente 255 caratteri","duration":0.22497299999986353,"failureMessages":[],"meta":{}},{"ancestorTitles":["Contenuti schema — status"],"fullName":"Contenuti schema — status default status è draft","status":"passed","title":"default status è draft","duration":0.2980919999999969,"failureMessages":[],"meta":{}},{"ancestorTitles":["Contenuti schema — status"],"fullName":"Contenuti schema — status accetta status 'published'","status":"passed","title":"accetta status 'published'","duration":0.15241500000001906,"failureMessages":[],"meta":{}},{"ancestorTitles":["Contenuti schema — status"],"fullName":"Contenuti schema — status rifiuta status non previsto","status":"passed","title":"rifiuta status non previsto","duration":0.2726839999997992,"failureMessages":[],"meta":{}},{"ancestorTitles":["Contenuti schema — content"],"fullName":"Contenuti schema — content content default è stringa vuota","status":"passed","title":"content default è stringa vuota","duration":0.4077740000000176,"failureMessages":[],"meta":{}},{"ancestorTitles":["Contenuti schema — content"],"fullName":"Contenuti schema — content accetta content con HTML","status":"passed","title":"accetta content con HTML","duration":0.18051700000000892,"failureMessages":[],"meta":{}},{"ancestorTitles":["Contenuti — togglePageStatus logic"],"fullName":"Contenuti — togglePageStatus logic published → draft","status":"passed","title":"published → draft","duration":0.12319299999990108,"failureMessages":[],"meta":{}},{"ancestorTitles":["Contenuti — togglePageStatus logic"],"fullName":"Contenuti — togglePageStatus logic draft → published","status":"passed","title":"draft → published","duration":0.15615200000002005,"failureMessages":[],"meta":{}},{"ancestorTitles":["Contenuti — togglePageStatus logic"],"fullName":"Contenuti — togglePageStatus logic valore sconosciuto → published","status":"passed","title":"valore sconosciuto → published","duration":0.0881010000000515,"failureMessages":[],"meta":{}},{"ancestorTitles":["Contenuti — customFields JSON parsing"],"fullName":"Contenuti — customFields JSON parsing stringa vuota → oggetto vuoto","status":"passed","title":"stringa vuota → oggetto vuoto","duration":0.5048380000000634,"failureMessages":[],"meta":{}},{"ancestorTitles":["Contenuti — customFields JSON parsing"],"fullName":"Contenuti — customFields JSON parsing undefined → oggetto vuoto","status":"passed","title":"undefined → oggetto vuoto","duration":0.14898999999991247,"failureMessages":[],"meta":{}},{"ancestorTitles":["Contenuti — customFields JSON parsing"],"fullName":"Contenuti — customFields JSON parsing JSON valido viene parsato","status":"passed","title":"JSON valido viene parsato","duration":0.1363819999999123,"failureMessages":[],"meta":{}},{"ancestorTitles":["Contenuti — customFields JSON parsing"],"fullName":"Contenuti — customFields JSON parsing JSON non valido → oggetto vuoto (nessun throw)","status":"passed","title":"JSON non valido → oggetto vuoto (nessun throw)","duration":0.191724000000022,"failureMessages":[],"meta":{}},{"ancestorTitles":["Contenuti — customFields JSON parsing"],"fullName":"Contenuti — customFields JSON parsing JSON annidato viene parsato","status":"passed","title":"JSON annidato viene parsato","duration":0.16351200000008248,"failureMessages":[],"meta":{}},{"ancestorTitles":["Contenuti — publishedAt risoluzione"],"fullName":"Contenuti — publishedAt risoluzione status published senza data → now","status":"passed","title":"status published senza data → now","duration":0.27461700000003475,"failureMessages":[],"meta":{}},{"ancestorTitles":["Contenuti — publishedAt risoluzione"],"fullName":"Contenuti — publishedAt risoluzione status published con data specifica","status":"passed","title":"status published con data specifica","duration":0.20571500000005472,"failureMessages":[],"meta":{}},{"ancestorTitles":["Contenuti — publishedAt risoluzione"],"fullName":"Contenuti — publishedAt risoluzione status draft senza data → null","status":"passed","title":"status draft senza data → null","duration":0.08554699999990589,"failureMessages":[],"meta":{}},{"ancestorTitles":["Contenuti — publishedAt risoluzione"],"fullName":"Contenuti — publishedAt risoluzione status draft con data → conserva la data","status":"passed","title":"status draft con data → conserva la data","duration":0.08898199999998724,"failureMessages":[],"meta":{}}],"startTime":1780349703560,"endTime":1780349703571.2747,"status":"passed","message":"","name":"/home/runner/work/gencry/gencry/tests/app/contenuti.test.ts"},{"assertionResults":[{"ancestorTitles":["SEO schema — pathname"],"fullName":"SEO schema — pathname accetta pathname che inizia con /","status":"passed","title":"accetta pathname che inizia con /","duration":3.396882999999889,"failureMessages":[],"meta":{}},{"ancestorTitles":["SEO schema — pathname"],"fullName":"SEO schema — pathname rifiuta pathname senza /","status":"passed","title":"rifiuta pathname senza /","duration":0.672076000000061,"failureMessages":[],"meta":{}},{"ancestorTitles":["SEO schema — pathname"],"fullName":"SEO schema — pathname rifiuta pathname vuoto","status":"passed","title":"rifiuta pathname vuoto","duration":0.6715950000000248,"failureMessages":[],"meta":{}},{"ancestorTitles":["SEO schema — pathname"],"fullName":"SEO schema — pathname accetta pathname con sottocartelle /blog/post-1","status":"passed","title":"accetta pathname con sottocartelle /blog/post-1","duration":0.32926800000018375,"failureMessages":[],"meta":{}},{"ancestorTitles":["SEO schema — label"],"fullName":"SEO schema — label rifiuta label vuota","status":"passed","title":"rifiuta label vuota","duration":0.4434369999999035,"failureMessages":[],"meta":{}},{"ancestorTitles":["SEO schema — label"],"fullName":"SEO schema — label rifiuta label oltre 100 caratteri","status":"passed","title":"rifiuta label oltre 100 caratteri","duration":0.27650900000003276,"failureMessages":[],"meta":{}},{"ancestorTitles":["SEO schema — label"],"fullName":"SEO schema — label accetta label di esattamente 100 caratteri","status":"passed","title":"accetta label di esattamente 100 caratteri","duration":0.19683099999997467,"failureMessages":[],"meta":{}},{"ancestorTitles":["SEO schema — title & description"],"fullName":"SEO schema — title & description rifiuta title oltre 70 caratteri","status":"passed","title":"rifiuta title oltre 70 caratteri","duration":0.30316900000002533,"failureMessages":[],"meta":{}},{"ancestorTitles":["SEO schema — title & description"],"fullName":"SEO schema — title & description accetta title di esattamente 70 caratteri","status":"passed","title":"accetta title di esattamente 70 caratteri","duration":0.3628770000000259,"failureMessages":[],"meta":{}},{"ancestorTitles":["SEO schema — title & description"],"fullName":"SEO schema — title & description rifiuta description oltre 160 caratteri","status":"passed","title":"rifiuta description oltre 160 caratteri","duration":0.352141999999958,"failureMessages":[],"meta":{}},{"ancestorTitles":["SEO schema — title & description"],"fullName":"SEO schema — title & description accetta description di esattamente 160 caratteri","status":"passed","title":"accetta description di esattamente 160 caratteri","duration":0.28093600000011065,"failureMessages":[],"meta":{}},{"ancestorTitles":["SEO schema — ogImage"],"fullName":"SEO schema — ogImage accetta stringa vuota come ogImage","status":"passed","title":"accetta stringa vuota come ogImage","duration":0.5395590000000539,"failureMessages":[],"meta":{}},{"ancestorTitles":["SEO schema — ogImage"],"fullName":"SEO schema — ogImage accetta URL https valido come ogImage","status":"passed","title":"accetta URL https valido come ogImage","duration":1.015664999999899,"failureMessages":[],"meta":{}},{"ancestorTitles":["SEO schema — ogImage"],"fullName":"SEO schema — ogImage rifiuta stringa non-URL come ogImage","status":"passed","title":"rifiuta stringa non-URL come ogImage","duration":0.683261999999786,"failureMessages":[],"meta":{}},{"ancestorTitles":["SEO schema — robots"],"fullName":"SEO schema — robots trasforma '' in null","status":"passed","title":"trasforma '' in null","duration":0.32771600000000944,"failureMessages":[],"meta":{}},{"ancestorTitles":["SEO schema — robots"],"fullName":"SEO schema — robots accetta 'noindex,nofollow'","status":"passed","title":"accetta 'noindex,nofollow'","duration":0.299773999999843,"failureMessages":[],"meta":{}},{"ancestorTitles":["SEO schema — robots"],"fullName":"SEO schema — robots accetta 'noindex,follow'","status":"passed","title":"accetta 'noindex,follow'","duration":0.2840000000001055,"failureMessages":[],"meta":{}},{"ancestorTitles":["SEO schema — robots"],"fullName":"SEO schema — robots rifiuta valore robots non previsto","status":"passed","title":"rifiuta valore robots non previsto","duration":0.3005550000000312,"failureMessages":[],"meta":{}},{"ancestorTitles":["SEO schema — jsonLd"],"fullName":"SEO schema — jsonLd jsonLdEnabled default false","status":"passed","title":"jsonLdEnabled default false","duration":0.2900299999998879,"failureMessages":[],"meta":{}},{"ancestorTitles":["SEO schema — jsonLd"],"fullName":"SEO schema — jsonLd accetta jsonLdEnabled true con jsonLdType","status":"passed","title":"accetta jsonLdEnabled true con jsonLdType","duration":0.22016600000006292,"failureMessages":[],"meta":{}},{"ancestorTitles":["SEO schema — jsonLd"],"fullName":"SEO schema — jsonLd accetta jsonLdType null","status":"passed","title":"accetta jsonLdType null","duration":0.13563100000010309,"failureMessages":[],"meta":{}},{"ancestorTitles":["SEO schema — og fields"],"fullName":"SEO schema — og fields rifiuta ogTitle oltre 70 caratteri","status":"passed","title":"rifiuta ogTitle oltre 70 caratteri","duration":0.35329300000012154,"failureMessages":[],"meta":{}},{"ancestorTitles":["SEO schema — og fields"],"fullName":"SEO schema — og fields rifiuta ogDescription oltre 200 caratteri","status":"passed","title":"rifiuta ogDescription oltre 200 caratteri","duration":0.2677360000000135,"failureMessages":[],"meta":{}},{"ancestorTitles":["SEO schema — og fields"],"fullName":"SEO schema — og fields accetta ogDescription di esattamente 200 caratteri","status":"passed","title":"accetta ogDescription di esattamente 200 caratteri","duration":0.13482999999996537,"failureMessages":[],"meta":{}}],"startTime":1780349704086,"endTime":1780349704099.2678,"status":"passed","message":"","name":"/home/runner/work/gencry/gencry/tests/app/seo.test.ts"},{"assertionResults":[{"ancestorTitles":["signUpAction — flusso end-to-end","Happy path"],"fullName":"signUpAction — flusso end-to-end Happy path completa la registrazione e fa redirect a /verify-email","status":"passed","title":"completa la registrazione e fa redirect a /verify-email","duration":565.670525,"failureMessages":[],"meta":{}},{"ancestorTitles":["signUpAction — flusso end-to-end","Happy path"],"fullName":"signUpAction — flusso end-to-end Happy path chiama hashPassword con la password fornita","status":"passed","title":"chiama hashPassword con la password fornita","duration":1.715148999999883,"failureMessages":[],"meta":{}},{"ancestorTitles":["signUpAction — flusso end-to-end","Happy path"],"fullName":"signUpAction — flusso end-to-end Happy path aggiunge email al Bloom filter dopo l'insert","status":"passed","title":"aggiunge email al Bloom filter dopo l'insert","duration":0.896748000000116,"failureMessages":[],"meta":{}},{"ancestorTitles":["signUpAction — flusso end-to-end","Happy path"],"fullName":"signUpAction — flusso end-to-end Happy path invia email di verifica con email, OTP e firstName=undefined","status":"passed","title":"invia email di verifica con email, OTP e firstName=undefined","duration":0.8323219999999765,"failureMessages":[],"meta":{}},{"ancestorTitles":["signUpAction — flusso end-to-end","Happy path"],"fullName":"signUpAction — flusso end-to-end Happy path imposta cookie pending_verification_user_id con httpOnly","status":"passed","title":"imposta cookie pending_verification_user_id con httpOnly","duration":1.049152999999933,"failureMessages":[],"meta":{}},{"ancestorTitles":["signUpAction — flusso end-to-end","Happy path"],"fullName":"signUpAction — flusso end-to-end Happy path accetta registrazione con acceptMarketing=on","status":"passed","title":"accetta registrazione con acceptMarketing=on","duration":0.6570930000000317,"failureMessages":[],"meta":{}},{"ancestorTitles":["signUpAction — flusso end-to-end","Happy path"],"fullName":"signUpAction — flusso end-to-end Happy path inserisce userProfiles vuoto (username/firstName/lastName null)","status":"passed","title":"inserisce userProfiles vuoto (username/firstName/lastName null)","duration":0.8042709999999715,"failureMessages":[],"meta":{}},{"ancestorTitles":["signUpAction — flusso end-to-end","Consent ledger (GDPR)"],"fullName":"signUpAction — flusso end-to-end Consent ledger (GDPR) scrive consent_records con userId, ip e source='signup'","status":"passed","title":"scrive consent_records con userId, ip e source='signup'","duration":1.6795070000000578,"failureMessages":[],"meta":{}},{"ancestorTitles":["signUpAction — flusso end-to-end","Consent ledger (GDPR)"],"fullName":"signUpAction — flusso end-to-end Consent ledger (GDPR) acceptMarketing=false quando il checkbox non è spuntato","status":"passed","title":"acceptMarketing=false quando il checkbox non è spuntato","duration":0.6837030000001505,"failureMessages":[],"meta":{}},{"ancestorTitles":["signUpAction — flusso end-to-end","Consent ledger (GDPR)"],"fullName":"signUpAction — flusso end-to-end Consent ledger (GDPR) acceptMarketing=true quando il checkbox è 'on'","status":"passed","title":"acceptMarketing=true quando il checkbox è 'on'","duration":0.6304540000000998,"failureMessages":[],"meta":{}},{"ancestorTitles":["signUpAction — flusso end-to-end","Consent ledger (GDPR)"],"fullName":"signUpAction — flusso end-to-end Consent ledger (GDPR) non scrive il ledger quando la registrazione fallisce per email duplicata","status":"passed","title":"non scrive il ledger quando la registrazione fallisce per email duplicata","duration":1.003394999999955,"failureMessages":[],"meta":{}},{"ancestorTitles":["signUpAction — flusso end-to-end","Registrazioni disabilitate"],"fullName":"signUpAction — flusso end-to-end Registrazioni disabilitate restituisce errore se registrations_enabled=false","status":"passed","title":"restituisce errore se registrations_enabled=false","duration":0.6033429999999953,"failureMessages":[],"meta":{}},{"ancestorTitles":["signUpAction — flusso end-to-end","Rate limiting"],"fullName":"signUpAction — flusso end-to-end Rate limiting blocca se checkSignupRateLimit è blocked","status":"passed","title":"blocca se checkSignupRateLimit è blocked","duration":0.6379139999999097,"failureMessages":[],"meta":{}},{"ancestorTitles":["signUpAction — flusso end-to-end","Blacklists"],"fullName":"signUpAction — flusso end-to-end Blacklists blocca IP nella blacklist","status":"passed","title":"blocca IP nella blacklist","duration":0.6228029999999762,"failureMessages":[],"meta":{}},{"ancestorTitles":["signUpAction — flusso end-to-end","Blacklists"],"fullName":"signUpAction — flusso end-to-end Blacklists blocca dominio email nella blacklist","status":"passed","title":"blocca dominio email nella blacklist","duration":0.5612409999998818,"failureMessages":[],"meta":{}},{"ancestorTitles":["signUpAction — flusso end-to-end","Bloom filter guards"],"fullName":"signUpAction — flusso end-to-end Bloom filter guards restituisce errore se email già registrata","status":"passed","title":"restituisce errore se email già registrata","duration":0.5076209999999719,"failureMessages":[],"meta":{}},{"ancestorTitles":["signUpAction — flusso end-to-end","Race conditions"],"fullName":"signUpAction — flusso end-to-end Race conditions gestisce race condition su email (unique constraint users) → recordSignupAttempt","status":"passed","title":"gestisce race condition su email (unique constraint users) → recordSignupAttempt","duration":0.561191000000008,"failureMessages":[],"meta":{}},{"ancestorTitles":["signUpAction — flusso end-to-end","Email verification fallback"],"fullName":"signUpAction — flusso end-to-end Email verification fallback non interrompe il flusso se sendSignupVerificationEmail fallisce","status":"passed","title":"non interrompe il flusso se sendSignupVerificationEmail fallisce","duration":9.053034999999909,"failureMessages":[],"meta":{}},{"ancestorTitles":["signUpAction — flusso end-to-end","Validazione schema"],"fullName":"signUpAction — flusso end-to-end Validazione schema ignora firstName se passato (non fa parte dello schema)","status":"passed","title":"ignora firstName se passato (non fa parte dello schema)","duration":1.8727739999999358,"failureMessages":[],"meta":{}},{"ancestorTitles":["signUpAction — flusso end-to-end","Validazione schema"],"fullName":"signUpAction — flusso end-to-end Validazione schema rifiuta password senza carattere speciale","status":"passed","title":"rifiuta password senza carattere speciale","duration":1.1472289999999248,"failureMessages":[],"meta":{}},{"ancestorTitles":["signUpAction — flusso end-to-end","Validazione schema"],"fullName":"signUpAction — flusso end-to-end Validazione schema rifiuta password senza maiuscola","status":"passed","title":"rifiuta password senza maiuscola","duration":0.6112960000000385,"failureMessages":[],"meta":{}},{"ancestorTitles":["signUpAction — flusso end-to-end","Validazione schema"],"fullName":"signUpAction — flusso end-to-end Validazione schema rifiuta password troppo corta","status":"passed","title":"rifiuta password troppo corta","duration":0.5818209999999908,"failureMessages":[],"meta":{}},{"ancestorTitles":["signUpAction — flusso end-to-end","Validazione schema"],"fullName":"signUpAction — flusso end-to-end Validazione schema rifiuta acceptTerms non spuntato","status":"passed","title":"rifiuta acceptTerms non spuntato","duration":1.04783099999986,"failureMessages":[],"meta":{}},{"ancestorTitles":["signUpAction — flusso end-to-end","Validazione schema"],"fullName":"signUpAction — flusso end-to-end Validazione schema rifiuta email malformata","status":"passed","title":"rifiuta email malformata","duration":0.4813019999999142,"failureMessages":[],"meta":{}}],"startTime":1780349701864,"endTime":1780349702458.4812,"status":"passed","message":"","name":"/home/runner/work/gencry/gencry/tests/app/signup-action-e2e.test.ts"},{"assertionResults":[{"ancestorTitles":["Template — slugify"],"fullName":"Template — slugify converte spazi in trattini","status":"passed","title":"converte spazi in trattini","duration":1.3337950000000092,"failureMessages":[],"meta":{}},{"ancestorTitles":["Template — slugify"],"fullName":"Template — slugify lowercasifica tutto","status":"passed","title":"lowercasifica tutto","duration":0.2630299999999579,"failureMessages":[],"meta":{}},{"ancestorTitles":["Template — slugify"],"fullName":"Template — slugify rimuove caratteri speciali","status":"passed","title":"rimuove caratteri speciali","duration":0.13774399999999787,"failureMessages":[],"meta":{}},{"ancestorTitles":["Template — slugify"],"fullName":"Template — slugify collassa spazi multipli in un singolo trattino","status":"passed","title":"collassa spazi multipli in un singolo trattino","duration":0.21554900000000998,"failureMessages":[],"meta":{}},{"ancestorTitles":["Template — slugify"],"fullName":"Template — slugify rimuove trattini iniziali e finali","status":"passed","title":"rimuove trattini iniziali e finali","duration":0.18976099999997587,"failureMessages":[],"meta":{}},{"ancestorTitles":["Template — slugify"],"fullName":"Template — slugify gestisce stringa già valida senza modifiche","status":"passed","title":"gestisce stringa già valida senza modifiche","duration":0.16064799999992374,"failureMessages":[],"meta":{}},{"ancestorTitles":["Template — slugify"],"fullName":"Template — slugify gestisce stringa vuota","status":"passed","title":"gestisce stringa vuota","duration":0.09589200000004894,"failureMessages":[],"meta":{}},{"ancestorTitles":["Template — slugify"],"fullName":"Template — slugify gestisce caratteri accentati italiani","status":"passed","title":"gestisce caratteri accentati italiani","duration":0.06953299999997853,"failureMessages":[],"meta":{}},{"ancestorTitles":["Template — slugify"],"fullName":"Template — slugify underscore vengono convertiti in trattino","status":"passed","title":"underscore vengono convertiti in trattino","duration":0.14082799999994222,"failureMessages":[],"meta":{}},{"ancestorTitles":["Template — allowedChildTemplateIds parsing"],"fullName":"Template — allowedChildTemplateIds parsing null → array vuoto","status":"passed","title":"null → array vuoto","duration":0.47699599999998554,"failureMessages":[],"meta":{}},{"ancestorTitles":["Template — allowedChildTemplateIds parsing"],"fullName":"Template — allowedChildTemplateIds parsing stringa vuota → array vuoto","status":"passed","title":"stringa vuota → array vuoto","duration":0.10612699999990127,"failureMessages":[],"meta":{}},{"ancestorTitles":["Template — allowedChildTemplateIds parsing"],"fullName":"Template — allowedChildTemplateIds parsing array numerico valido","status":"passed","title":"array numerico valido","duration":0.16468399999996564,"failureMessages":[],"meta":{}},{"ancestorTitles":["Template — allowedChildTemplateIds parsing"],"fullName":"Template — allowedChildTemplateIds parsing filtra gli zero (falsy)","status":"passed","title":"filtra gli zero (falsy)","duration":0.10493600000006609,"failureMessages":[],"meta":{}},{"ancestorTitles":["Template — allowedChildTemplateIds parsing"],"fullName":"Template — allowedChildTemplateIds parsing converte stringhe numeriche in numeri","status":"passed","title":"converte stringhe numeriche in numeri","duration":0.22414100000003145,"failureMessages":[],"meta":{}},{"ancestorTitles":["Template — allowedChildTemplateIds parsing"],"fullName":"Template — allowedChildTemplateIds parsing JSON non valido → array vuoto","status":"passed","title":"JSON non valido → array vuoto","duration":0.12790900000004513,"failureMessages":[],"meta":{}},{"ancestorTitles":["Template — allowedChildTemplateIds parsing"],"fullName":"Template — allowedChildTemplateIds parsing JSON non array (oggetto) → array vuoto","status":"passed","title":"JSON non array (oggetto) → array vuoto","duration":0.1274590000000444,"failureMessages":[],"meta":{}},{"ancestorTitles":["Template — allowedChildTemplateIds parsing"],"fullName":"Template — allowedChildTemplateIds parsing array misto con NaN viene filtrato","status":"passed","title":"array misto con NaN viene filtrato","duration":0.10079900000005182,"failureMessages":[],"meta":{}},{"ancestorTitles":["Template — rules"],"fullName":"Template — rules valori default corretti","status":"passed","title":"valori default corretti","duration":0.14379299999995965,"failureMessages":[],"meta":{}},{"ancestorTitles":["Template — rules"],"fullName":"Template — rules override allowedChildTemplateIds","status":"passed","title":"override allowedChildTemplateIds","duration":0.1069079999999758,"failureMessages":[],"meta":{}},{"ancestorTitles":["Template — rules"],"fullName":"Template — rules serializza correttamente in JSON","status":"passed","title":"serializza correttamente in JSON","duration":0.1459459999999808,"failureMessages":[],"meta":{}},{"ancestorTitles":["Template — rules"],"fullName":"Template — rules JSON.stringify → JSON.parse è idempotente","status":"passed","title":"JSON.stringify → JSON.parse è idempotente","duration":0.1554710000000341,"failureMessages":[],"meta":{}},{"ancestorTitles":["Template — fieldsJson parsing"],"fullName":"Template — fieldsJson parsing null → array vuoto","status":"passed","title":"null → array vuoto","duration":0.09520099999997456,"failureMessages":[],"meta":{}},{"ancestorTitles":["Template — fieldsJson parsing"],"fullName":"Template — fieldsJson parsing JSON non valido → array vuoto","status":"passed","title":"JSON non valido → array vuoto","duration":0.10351400000001831,"failureMessages":[],"meta":{}},{"ancestorTitles":["Template — fieldsJson parsing"],"fullName":"Template — fieldsJson parsing array vuoto → array vuoto","status":"passed","title":"array vuoto → array vuoto","duration":0.06249300000001767,"failureMessages":[],"meta":{}},{"ancestorTitles":["Template — fieldsJson parsing"],"fullName":"Template — fieldsJson parsing un campo valido viene parsato","status":"passed","title":"un campo valido viene parsato","duration":0.5712559999999485,"failureMessages":[],"meta":{}},{"ancestorTitles":["Template — fieldsJson parsing"],"fullName":"Template — fieldsJson parsing più campi vengono parsati tutti","status":"passed","title":"più campi vengono parsati tutti","duration":0.14369299999998475,"failureMessages":[],"meta":{}},{"ancestorTitles":["Template — fieldsJson parsing"],"fullName":"Template — fieldsJson parsing JSON oggetto (non array) → array vuoto","status":"passed","title":"JSON oggetto (non array) → array vuoto","duration":0.07305800000006002,"failureMessages":[],"meta":{}},{"ancestorTitles":["Template — fieldsJson parsing"],"fullName":"Template — fieldsJson parsing sortOrder viene preservato","status":"passed","title":"sortOrder viene preservato","duration":0.13322699999991983,"failureMessages":[],"meta":{}},{"ancestorTitles":["Template — validazione name e slug"],"fullName":"Template — validazione name e slug name e slug validi → nessun errore","status":"passed","title":"name e slug validi → nessun errore","duration":0.09564100000000053,"failureMessages":[],"meta":{}},{"ancestorTitles":["Template — validazione name e slug"],"fullName":"Template — validazione name e slug name vuoto → errore","status":"passed","title":"name vuoto → errore","duration":0.05813599999999042,"failureMessages":[],"meta":{}},{"ancestorTitles":["Template — validazione name e slug"],"fullName":"Template — validazione name e slug name solo spazi → errore","status":"passed","title":"name solo spazi → errore","duration":0.04831099999989874,"failureMessages":[],"meta":{}},{"ancestorTitles":["Template — validazione name e slug"],"fullName":"Template — validazione name e slug slug vuoto → errore","status":"passed","title":"slug vuoto → errore","duration":0.04436599999996815,"failureMessages":[],"meta":{}},{"ancestorTitles":["Template — validazione name e slug"],"fullName":"Template — validazione name e slug name oltre 255 caratteri → errore","status":"passed","title":"name oltre 255 caratteri → errore","duration":0.047661000000061904,"failureMessages":[],"meta":{}},{"ancestorTitles":["Template — validazione name e slug"],"fullName":"Template — validazione name e slug name di esattamente 255 caratteri → ok","status":"passed","title":"name di esattamente 255 caratteri → ok","duration":0.043012999999973545,"failureMessages":[],"meta":{}},{"ancestorTitles":["Template — validazione name e slug"],"fullName":"Template — validazione name e slug slug oltre 255 caratteri → errore","status":"passed","title":"slug oltre 255 caratteri → errore","duration":0.042612999999960266,"failureMessages":[],"meta":{}}],"startTime":1780349703389,"endTime":1780349703396.0957,"status":"passed","message":"","name":"/home/runner/work/gencry/gencry/tests/app/template.test.ts"},{"assertionResults":[{"ancestorTitles":["Bloom Filter — Email","checkEmailAvailability"],"fullName":"Bloom Filter — Email checkEmailAvailability returns available=true without DB query when all bits are 0 (certainly absent)","status":"passed","title":"returns available=true without DB query when all bits are 0 (certainly absent)","duration":2.917509999999993,"failureMessages":[],"meta":{}},{"ancestorTitles":["Bloom Filter — Email","checkEmailAvailability"],"fullName":"Bloom Filter — Email checkEmailAvailability returns available=true without DB query when at least one bit is 0","status":"passed","title":"returns available=true without DB query when at least one bit is 0","duration":0.5107460000000401,"failureMessages":[],"meta":{}},{"ancestorTitles":["Bloom Filter — Email","checkEmailAvailability"],"fullName":"Bloom Filter — Email checkEmailAvailability returns available=false when all bits are 1 and DB confirms email exists","status":"passed","title":"returns available=false when all bits are 1 and DB confirms email exists","duration":0.45728699999995115,"failureMessages":[],"meta":{}},{"ancestorTitles":["Bloom Filter — Email","checkEmailAvailability"],"fullName":"Bloom Filter — Email checkEmailAvailability returns available=true when all bits are 1 but DB finds nothing (false positive)","status":"passed","title":"returns available=true when all bits are 1 but DB finds nothing (false positive)","duration":0.3191620000000057,"failureMessages":[],"meta":{}},{"ancestorTitles":["Bloom Filter — Email","checkEmailAvailability"],"fullName":"Bloom Filter — Email checkEmailAvailability normalizes email to lowercase before hashing","status":"passed","title":"normalizes email to lowercase before hashing","duration":1.6767730000000256,"failureMessages":[],"meta":{}},{"ancestorTitles":["Bloom Filter — Email","checkEmailAvailability"],"fullName":"Bloom Filter — Email checkEmailAvailability sends GETBIT commands to the /pipeline endpoint","status":"passed","title":"sends GETBIT commands to the /pipeline endpoint","duration":0.40508999999997286,"failureMessages":[],"meta":{}},{"ancestorTitles":["Bloom Filter — Email","addEmailToBloom"],"fullName":"Bloom Filter — Email addEmailToBloom sends k=7 SETBIT commands via pipeline for a single email","status":"passed","title":"sends k=7 SETBIT commands via pipeline for a single email","duration":1.0895130000000108,"failureMessages":[],"meta":{}},{"ancestorTitles":["Bloom Filter — Email","addEmailToBloom"],"fullName":"Bloom Filter — Email addEmailToBloom normalizes email before setting bits (uppercase == lowercase same positions)","status":"passed","title":"normalizes email before setting bits (uppercase == lowercase same positions)","duration":0.9003040000000055,"failureMessages":[],"meta":{}},{"ancestorTitles":["Bloom Filter — Email","addEmailsBulkToBloom"],"fullName":"Bloom Filter — Email addEmailsBulkToBloom sends k*n SETBIT commands for n emails","status":"passed","title":"sends k*n SETBIT commands for n emails","duration":0.4903060000000323,"failureMessages":[],"meta":{}},{"ancestorTitles":["Bloom Filter — Email","addEmailsBulkToBloom"],"fullName":"Bloom Filter — Email addEmailsBulkToBloom normalizes all emails before setting bits","status":"passed","title":"normalizes all emails before setting bits","duration":0.5953309999999874,"failureMessages":[],"meta":{}},{"ancestorTitles":["Bloom Filter — Email","addEmailsBulkToBloom"],"fullName":"Bloom Filter — Email addEmailsBulkToBloom does nothing when given an empty array","status":"passed","title":"does nothing when given an empty array","duration":0.1563619999999446,"failureMessages":[],"meta":{}},{"ancestorTitles":["Bloom Filter — Email","ensureBloomFilter"],"fullName":"Bloom Filter — Email ensureBloomFilter is a no-op (SETBIT auto-creates the key)","status":"passed","title":"is a no-op (SETBIT auto-creates the key)","duration":0.6758310000000165,"failureMessages":[],"meta":{}},{"ancestorTitles":["Bloom Filter — Email","ensureBloomFilter"],"fullName":"Bloom Filter — Email ensureBloomFilter resolves without throwing even if called multiple times","status":"passed","title":"resolves without throwing even if called multiple times","duration":0.247457000000054,"failureMessages":[],"meta":{}},{"ancestorTitles":["Bloom Filter — Email","Error handling"],"fullName":"Bloom Filter — Email Error handling throws on Upstash HTTP error in pipeline","status":"passed","title":"throws on Upstash HTTP error in pipeline","duration":1.2019299999999475,"failureMessages":[],"meta":{}},{"ancestorTitles":["Bloom Filter — Email","Error handling"],"fullName":"Bloom Filter — Email Error handling throws when env vars are missing","status":"passed","title":"throws when env vars are missing","duration":0.5282929999999624,"failureMessages":[],"meta":{}}],"startTime":1780349702959,"endTime":1780349702971.5283,"status":"passed","message":"","name":"/home/runner/work/gencry/gencry/tests/bloom/email-filter.test.ts"},{"assertionResults":[{"ancestorTitles":["Bloom Filter — Username","checkUsernameAvailability"],"fullName":"Bloom Filter — Username checkUsernameAvailability returns available=true without DB query when all bits are 0 (certainly absent)","status":"passed","title":"returns available=true without DB query when all bits are 0 (certainly absent)","duration":2.4352449999998953,"failureMessages":[],"meta":{}},{"ancestorTitles":["Bloom Filter — Username","checkUsernameAvailability"],"fullName":"Bloom Filter — Username checkUsernameAvailability returns available=true without DB query when at least one bit is 0","status":"passed","title":"returns available=true without DB query when at least one bit is 0","duration":0.47184900000002017,"failureMessages":[],"meta":{}},{"ancestorTitles":["Bloom Filter — Username","checkUsernameAvailability"],"fullName":"Bloom Filter — Username checkUsernameAvailability returns available=false when all bits are 1 and DB confirms username taken","status":"passed","title":"returns available=false when all bits are 1 and DB confirms username taken","duration":0.46689100000003236,"failureMessages":[],"meta":{}},{"ancestorTitles":["Bloom Filter — Username","checkUsernameAvailability"],"fullName":"Bloom Filter — Username checkUsernameAvailability returns available=true when all bits are 1 but DB finds nothing (false positive)","status":"passed","title":"returns available=true when all bits are 1 but DB finds nothing (false positive)","duration":0.3552359999998771,"failureMessages":[],"meta":{}},{"ancestorTitles":["Bloom Filter — Username","checkUsernameAvailability"],"fullName":"Bloom Filter — Username checkUsernameAvailability normalizes username to lowercase and trims whitespace before hashing","status":"passed","title":"normalizes username to lowercase and trims whitespace before hashing","duration":1.6453059999998914,"failureMessages":[],"meta":{}},{"ancestorTitles":["Bloom Filter — Username","checkUsernameAvailability"],"fullName":"Bloom Filter — Username checkUsernameAvailability sends GETBIT commands to the /pipeline endpoint targeting bloom:usernames","status":"passed","title":"sends GETBIT commands to the /pipeline endpoint targeting bloom:usernames","duration":0.6556000000000495,"failureMessages":[],"meta":{}},{"ancestorTitles":["Bloom Filter — Username","checkUsernameAvailability"],"fullName":"Bloom Filter — Username checkUsernameAvailability does NOT target bloom:emails key (key isolation)","status":"passed","title":"does NOT target bloom:emails key (key isolation)","duration":1.0303960000001098,"failureMessages":[],"meta":{}},{"ancestorTitles":["Bloom Filter — Username","addUsernameToBloom"],"fullName":"Bloom Filter — Username addUsernameToBloom sends k=7 SETBIT commands via pipeline targeting bloom:usernames","status":"passed","title":"sends k=7 SETBIT commands via pipeline targeting bloom:usernames","duration":1.0727480000000469,"failureMessages":[],"meta":{}},{"ancestorTitles":["Bloom Filter — Username","addUsernameToBloom"],"fullName":"Bloom Filter — Username addUsernameToBloom does NOT target bloom:emails key (key isolation)","status":"passed","title":"does NOT target bloom:emails key (key isolation)","duration":0.6993259999999282,"failureMessages":[],"meta":{}},{"ancestorTitles":["Bloom Filter — Username","addUsernameToBloom"],"fullName":"Bloom Filter — Username addUsernameToBloom normalization: uppercase and lowercase produce identical bit positions","status":"passed","title":"normalization: uppercase and lowercase produce identical bit positions","duration":0.5096949999999651,"failureMessages":[],"meta":{}},{"ancestorTitles":["Bloom Filter — Username","addUsernameToBloom"],"fullName":"Bloom Filter — Username addUsernameToBloom normalization: leading/trailing spaces are ignored","status":"passed","title":"normalization: leading/trailing spaces are ignored","duration":0.4436070000001564,"failureMessages":[],"meta":{}},{"ancestorTitles":["Bloom Filter — Username","Redis fallback (Redis unavailable)"],"fullName":"Bloom Filter — Username Redis fallback (Redis unavailable) falls back to DB when Redis is down and returns available=false if username taken","status":"passed","title":"falls back to DB when Redis is down and returns available=false if username taken","duration":6.718789000000015,"failureMessages":[],"meta":{}},{"ancestorTitles":["Bloom Filter — Username","Redis fallback (Redis unavailable)"],"fullName":"Bloom Filter — Username Redis fallback (Redis unavailable) falls back to DB when Redis is down and returns available=true if username free","status":"passed","title":"falls back to DB when Redis is down and returns available=true if username free","duration":0.9559260000000904,"failureMessages":[],"meta":{}},{"ancestorTitles":["Bloom Filter — Username","ensureBloomFilter"],"fullName":"Bloom Filter — Username ensureBloomFilter is a no-op (SETBIT auto-creates both keys)","status":"passed","title":"is a no-op (SETBIT auto-creates both keys)","duration":0.8468339999999444,"failureMessages":[],"meta":{}},{"ancestorTitles":["Bloom Filter — Username","ensureBloomFilter"],"fullName":"Bloom Filter — Username ensureBloomFilter resolves without throwing even if called multiple times","status":"passed","title":"resolves without throwing even if called multiple times","duration":0.3121120000000701,"failureMessages":[],"meta":{}},{"ancestorTitles":["Bloom Filter — Username","Error handling"],"fullName":"Bloom Filter — Username Error handling throws on Upstash HTTP error in pipeline","status":"passed","title":"throws on Upstash HTTP error in pipeline","duration":0.7760089999999309,"failureMessages":[],"meta":{}},{"ancestorTitles":["Bloom Filter — Username","Error handling"],"fullName":"Bloom Filter — Username Error handling throws when credentials are missing","status":"passed","title":"throws when credentials are missing","duration":0.4044890000000123,"failureMessages":[],"meta":{}}],"startTime":1780349701913,"endTime":1780349701934.4045,"status":"passed","message":"","name":"/home/runner/work/gencry/gencry/tests/bloom/username-filter.test.ts"},{"assertionResults":[{"ancestorTitles":["SimpleButton component"],"fullName":"SimpleButton component renderizza correttamente con label","status":"passed","title":"renderizza correttamente con label","duration":134.85570699999994,"failureMessages":[],"meta":{}},{"ancestorTitles":["SimpleButton component"],"fullName":"SimpleButton component è disabilitato quando disabled=true","status":"passed","title":"è disabilitato quando disabled=true","duration":7.752597000000151,"failureMessages":[],"meta":{}},{"ancestorTitles":["Badge component"],"fullName":"Badge component renderizza badge Pubblicato con variante success","status":"passed","title":"renderizza badge Pubblicato con variante success","duration":11.358569999999872,"failureMessages":[],"meta":{}},{"ancestorTitles":["Badge component"],"fullName":"Badge component renderizza badge Bozza con variante warning","status":"passed","title":"renderizza badge Bozza con variante warning","duration":10.93895899999984,"failureMessages":[],"meta":{}},{"ancestorTitles":["Badge component"],"fullName":"Badge component renderizza badge Errore con variante error","status":"passed","title":"renderizza badge Errore con variante error","duration":6.174029000000019,"failureMessages":[],"meta":{}}],"startTime":1780349708551,"endTime":1780349708722.174,"status":"passed","message":"","name":"/home/runner/work/gencry/gencry/tests/components/ui-smoke.test.tsx"},{"assertionResults":[{"ancestorTitles":["isEnabledByFlag"],"fullName":"isEnabledByFlag returns true when the setting equals 'true'","status":"passed","title":"returns true when the setting equals 'true'","duration":2.7238549999999577,"failureMessages":[],"meta":{}},{"ancestorTitles":["isEnabledByFlag"],"fullName":"isEnabledByFlag returns false when the setting equals 'false'","status":"passed","title":"returns false when the setting equals 'false'","duration":0.2851820000000771,"failureMessages":[],"meta":{}},{"ancestorTitles":["isEnabledByFlag"],"fullName":"isEnabledByFlag returns false when the setting is null","status":"passed","title":"returns false when the setting is null","duration":0.20789799999988645,"failureMessages":[],"meta":{}},{"ancestorTitles":["isEnabledByFlag"],"fullName":"isEnabledByFlag returns false for any non-'true' value (string casting safety)","status":"passed","title":"returns false for any non-'true' value (string casting safety)","duration":0.30336899999997513,"failureMessages":[],"meta":{}},{"ancestorTitles":["isDisabledByFlag"],"fullName":"isDisabledByFlag returns true when the setting is NOT 'true'","status":"passed","title":"returns true when the setting is NOT 'true'","duration":0.2805359999999837,"failureMessages":[],"meta":{}},{"ancestorTitles":["isDisabledByFlag"],"fullName":"isDisabledByFlag returns false when the setting equals 'true'","status":"passed","title":"returns false when the setting equals 'true'","duration":0.2690789999999197,"failureMessages":[],"meta":{}}],"startTime":1780349706667,"endTime":1780349706671.2805,"status":"passed","message":"","name":"/home/runner/work/gencry/gencry/tests/home/gates.test.ts"},{"assertionResults":[{"ancestorTitles":["validateSections"],"fullName":"validateSections returns no warnings for a valid registry","status":"passed","title":"returns no warnings for a valid registry","duration":1.2201669999999467,"failureMessages":[],"meta":{}},{"ancestorTitles":["validateSections"],"fullName":"validateSections warns on duplicate keys","status":"passed","title":"warns on duplicate keys","duration":0.7902910000000247,"failureMessages":[],"meta":{}},{"ancestorTitles":["validateSections"],"fullName":"validateSections warns on unknown slot","status":"passed","title":"warns on unknown slot","duration":0.19021199999997407,"failureMessages":[],"meta":{}},{"ancestorTitles":["validateSections"],"fullName":"validateSections warns on order collisions within the same slot","status":"passed","title":"warns on order collisions within the same slot","duration":0.2028210000000854,"failureMessages":[],"meta":{}},{"ancestorTitles":["validateSections"],"fullName":"validateSections does NOT warn on the same order in DIFFERENT slots","status":"passed","title":"does NOT warn on the same order in DIFFERENT slots","duration":0.2096799999999348,"failureMessages":[],"meta":{}},{"ancestorTitles":["resolveSlotFrom"],"fullName":"resolveSlotFrom returns empty result for a slot with no sections","status":"passed","title":"returns empty result for a slot with no sections","duration":0.20169799999985116,"failureMessages":[],"meta":{}},{"ancestorTitles":["resolveSlotFrom"],"fullName":"resolveSlotFrom filters by slot","status":"passed","title":"filters by slot","duration":0.17562999999995554,"failureMessages":[],"meta":{}},{"ancestorTitles":["resolveSlotFrom"],"fullName":"resolveSlotFrom sorts ascending by order","status":"passed","title":"sorts ascending by order","duration":0.15369799999984934,"failureMessages":[],"meta":{}},{"ancestorTitles":["resolveSlotFrom"],"fullName":"resolveSlotFrom treats sections without isEnabled as always visible","status":"passed","title":"treats sections without isEnabled as always visible","duration":0.2401159999999436,"failureMessages":[],"meta":{}},{"ancestorTitles":["resolveSlotFrom"],"fullName":"resolveSlotFrom excludes sections whose isEnabled returns false","status":"passed","title":"excludes sections whose isEnabled returns false","duration":0.17861500000003616,"failureMessages":[],"meta":{}},{"ancestorTitles":["resolveSlotFrom"],"fullName":"resolveSlotFrom awaits async isEnabled and filters accordingly","status":"passed","title":"awaits async isEnabled and filters accordingly","duration":0.19739300000014737,"failureMessages":[],"meta":{}},{"ancestorTitles":["resolveSlotFrom"],"fullName":"resolveSlotFrom captures gate throws and treats section as disabled","status":"passed","title":"captures gate throws and treats section as disabled","duration":0.504647999999861,"failureMessages":[],"meta":{}},{"ancestorTitles":["resolveSlotFrom"],"fullName":"resolveSlotFrom runs gates in parallel (Promise.all, not sequential)","status":"passed","title":"runs gates in parallel (Promise.all, not sequential)","duration":51.59902599999987,"failureMessages":[],"meta":{}}],"startTime":1780349704496,"endTime":1780349704552.599,"status":"passed","message":"","name":"/home/runner/work/gencry/gencry/tests/home/registry-utils.test.ts"},{"assertionResults":[{"ancestorTitles":["i18n — translation key parity"],"fullName":"i18n — translation key parity every locale has all the keys present in the default locale","status":"passed","title":"every locale has all the keys present in the default locale","duration":14.12221499999987,"failureMessages":[],"meta":{}}],"startTime":1780349708785,"endTime":1780349708799.1223,"status":"passed","message":"","name":"/home/runner/work/gencry/gencry/tests/i18n/translations.test.ts"},{"assertionResults":[{"ancestorTitles":["session.ts","hashPassword / comparePasswords"],"fullName":"session.ts hashPassword / comparePasswords produce un hash diverso dalla password originale","status":"passed","title":"produce un hash diverso dalla password originale","duration":330.494466,"failureMessages":[],"meta":{}},{"ancestorTitles":["session.ts","hashPassword / comparePasswords"],"fullName":"session.ts hashPassword / comparePasswords due hash della stessa password sono diversi (salt)","status":"passed","title":"due hash della stessa password sono diversi (salt)","duration":184.20553900000004,"failureMessages":[],"meta":{}},{"ancestorTitles":["session.ts","hashPassword / comparePasswords"],"fullName":"session.ts hashPassword / comparePasswords comparePasswords ritorna true per password corretta","status":"passed","title":"comparePasswords ritorna true per password corretta","duration":163.669941,"failureMessages":[],"meta":{}},{"ancestorTitles":["session.ts","hashPassword / comparePasswords"],"fullName":"session.ts hashPassword / comparePasswords comparePasswords ritorna false per password sbagliata","status":"passed","title":"comparePasswords ritorna false per password sbagliata","duration":169.59105499999998,"failureMessages":[],"meta":{}},{"ancestorTitles":["session.ts","signToken / verifyToken"],"fullName":"session.ts signToken / verifyToken signa e verifica un token valido","status":"passed","title":"signa e verifica un token valido","duration":5.397697999999991,"failureMessages":[],"meta":{}},{"ancestorTitles":["session.ts","signToken / verifyToken"],"fullName":"session.ts signToken / verifyToken verifyToken fallisce su token malformato","status":"passed","title":"verifyToken fallisce su token malformato","duration":1.5208929999998873,"failureMessages":[],"meta":{}},{"ancestorTitles":["session.ts","signToken / verifyToken"],"fullName":"session.ts signToken / verifyToken verifyToken fallisce su stringa vuota","status":"passed","title":"verifyToken fallisce su stringa vuota","duration":0.5874400000000151,"failureMessages":[],"meta":{}},{"ancestorTitles":["otp.ts","generateOtpCode"],"fullName":"otp.ts generateOtpCode genera un codice di esattamente 6 cifre","status":"passed","title":"genera un codice di esattamente 6 cifre","duration":10.46923199999992,"failureMessages":[],"meta":{}},{"ancestorTitles":["otp.ts","generateOtpCode"],"fullName":"otp.ts generateOtpCode genera codici diversi ad ogni chiamata","status":"passed","title":"genera codici diversi ad ogni chiamata","duration":0.7607970000001387,"failureMessages":[],"meta":{}},{"ancestorTitles":["otp.ts","generateOtpCode"],"fullName":"otp.ts generateOtpCode il codice e sempre compreso tra 100000 e 999999","status":"passed","title":"il codice e sempre compreso tra 100000 e 999999","duration":1.509416999999985,"failureMessages":[],"meta":{}},{"ancestorTitles":["otp.ts","verifyOtpCode -- logica dominio (mock DB)"],"fullName":"otp.ts verifyOtpCode -- logica dominio (mock DB) rifiuta se nessun record trovato (codice non esiste)","status":"passed","title":"rifiuta se nessun record trovato (codice non esiste)","duration":0.9165780000000723,"failureMessages":[],"meta":{}},{"ancestorTitles":["otp.ts","verifyOtpCode -- logica dominio (mock DB)"],"fullName":"otp.ts verifyOtpCode -- logica dominio (mock DB) rifiuta codice scaduto","status":"passed","title":"rifiuta codice scaduto","duration":0.4894249999999829,"failureMessages":[],"meta":{}},{"ancestorTitles":["otp.ts","verifyOtpCode -- logica dominio (mock DB)"],"fullName":"otp.ts verifyOtpCode -- logica dominio (mock DB) rifiuta codice errato e incrementa attempts","status":"passed","title":"rifiuta codice errato e incrementa attempts","duration":0.6125970000000507,"failureMessages":[],"meta":{}},{"ancestorTitles":["otp.ts","verifyOtpCode -- logica dominio (mock DB)"],"fullName":"otp.ts verifyOtpCode -- logica dominio (mock DB) non chiama update su codice corretto (elimina direttamente)","status":"passed","title":"non chiama update su codice corretto (elimina direttamente)","duration":0.9236690000000181,"failureMessages":[],"meta":{}},{"ancestorTitles":["otp.ts","verifyOtpCode -- logica dominio (mock DB)"],"fullName":"otp.ts verifyOtpCode -- logica dominio (mock DB) blocca e invalida il record quando attempts >= MAX_OTP_ATTEMPTS","status":"passed","title":"blocca e invalida il record quando attempts >= MAX_OTP_ATTEMPTS","duration":0.747237000000041,"failureMessages":[],"meta":{}},{"ancestorTitles":["otp.ts","verifyOtpCode -- logica dominio (mock DB)"],"fullName":"otp.ts verifyOtpCode -- logica dominio (mock DB) blocca anche con attempts > MAX_OTP_ATTEMPTS (over-limit)","status":"passed","title":"blocca anche con attempts > MAX_OTP_ATTEMPTS (over-limit)","duration":0.7086910000000444,"failureMessages":[],"meta":{}},{"ancestorTitles":["otp.ts","verifyOtpCode -- logica dominio (mock DB)"],"fullName":"otp.ts verifyOtpCode -- logica dominio (mock DB) al tentativo (MAX-1) non blocca ancora, incrementa","status":"passed","title":"al tentativo (MAX-1) non blocca ancora, incrementa","duration":0.7355090000000928,"failureMessages":[],"meta":{}},{"ancestorTitles":["password-reset.ts"],"fullName":"password-reset.ts rifiuta token inesistente (DB ritorna [])","status":"passed","title":"rifiuta token inesistente (DB ritorna [])","duration":6.70594600000004,"failureMessages":[],"meta":{}},{"ancestorTitles":["password-reset.ts"],"fullName":"password-reset.ts rifiuta token scaduto","status":"passed","title":"rifiuta token scaduto","duration":0.8646009999999933,"failureMessages":[],"meta":{}},{"ancestorTitles":["password-reset.ts"],"fullName":"password-reset.ts token valido: ritorna userId e lo elimina atomicamente","status":"passed","title":"token valido: ritorna userId e lo elimina atomicamente","duration":0.7082100000000082,"failureMessages":[],"meta":{}},{"ancestorTitles":["password-reset.ts"],"fullName":"password-reset.ts token valido: delete non chiamata due volte se caller invoca anche deletePasswordResetToken","status":"passed","title":"token valido: delete non chiamata due volte se caller invoca anche deletePasswordResetToken","duration":0.6188969999998335,"failureMessages":[],"meta":{}},{"ancestorTitles":["rate-limit.ts -- checkGeneralRateLimit (DB-based)"],"fullName":"rate-limit.ts -- checkGeneralRateLimit (DB-based) non bloccata se DB non ha tentativi (count=0)","status":"passed","title":"non bloccata se DB non ha tentativi (count=0)","duration":42.29157299999997,"failureMessages":[],"meta":{}},{"ancestorTitles":["rate-limit.ts -- checkGeneralRateLimit (DB-based)"],"fullName":"rate-limit.ts -- checkGeneralRateLimit (DB-based) non bloccata se tentativi < max","status":"passed","title":"non bloccata se tentativi < max","duration":2.341870000000199,"failureMessages":[],"meta":{}},{"ancestorTitles":["rate-limit.ts -- checkGeneralRateLimit (DB-based)"],"fullName":"rate-limit.ts -- checkGeneralRateLimit (DB-based) bloccata se tentativi === max","status":"passed","title":"bloccata se tentativi === max","duration":1.1886410000001888,"failureMessages":[],"meta":{}},{"ancestorTitles":["rate-limit.ts -- checkGeneralRateLimit (DB-based)"],"fullName":"rate-limit.ts -- checkGeneralRateLimit (DB-based) bloccata se tentativi > max","status":"passed","title":"bloccata se tentativi > max","duration":0.6262370000001738,"failureMessages":[],"meta":{}},{"ancestorTitles":["rate-limit.ts -- checkGeneralRateLimit (DB-based)"],"fullName":"rate-limit.ts -- checkGeneralRateLimit (DB-based) remaining non scende mai sotto zero","status":"passed","title":"remaining non scende mai sotto zero","duration":0.6017219999998815,"failureMessages":[],"meta":{}},{"ancestorTitles":["rate-limit.ts -- checkGeneralRateLimit (DB-based)"],"fullName":"rate-limit.ts -- checkGeneralRateLimit (DB-based) recordGeneralAttempt chiama db.insert().values() con ip marker corretto","status":"passed","title":"recordGeneralAttempt chiama db.insert().values() con ip marker corretto","duration":2.3611179999998058,"failureMessages":[],"meta":{}},{"ancestorTitles":["Auth input validation (unit)"],"fullName":"Auth input validation (unit) rifiuta password vuota","status":"passed","title":"rifiuta password vuota","duration":0.39581700000007913,"failureMessages":[],"meta":{}},{"ancestorTitles":["Auth input validation (unit)"],"fullName":"Auth input validation (unit) rifiuta email vuota","status":"passed","title":"rifiuta email vuota","duration":0.34728500000005624,"failureMessages":[],"meta":{}},{"ancestorTitles":["Auth input validation (unit)"],"fullName":"Auth input validation (unit) rifiuta email non valida","status":"passed","title":"rifiuta email non valida","duration":0.34879700000010416,"failureMessages":[],"meta":{}},{"ancestorTitles":["Auth input validation (unit)"],"fullName":"Auth input validation (unit) rifiuta password troppo corta (<8 caratteri)","status":"passed","title":"rifiuta password troppo corta (<8 caratteri)","duration":0.335557000000108,"failureMessages":[],"meta":{}},{"ancestorTitles":["Auth input validation (unit)"],"fullName":"Auth input validation (unit) accetta credenziali valide","status":"passed","title":"accetta credenziali valide","duration":0.4093669999999747,"failureMessages":[],"meta":{}},{"ancestorTitles":["Auth input validation (unit)"],"fullName":"Auth input validation (unit) normalizza email (lowercase + trim)","status":"passed","title":"normalizza email (lowercase + trim)","duration":0.3772189999999682,"failureMessages":[],"meta":{}},{"ancestorTitles":["queries.ts -- getUser con JWT non valido"],"fullName":"queries.ts -- getUser con JWT non valido ritorna null su token malformato (non crasha)","status":"passed","title":"ritorna null su token malformato (non crasha)","duration":43.22051099999999,"failureMessages":[],"meta":{}},{"ancestorTitles":["queries.ts -- getUser con JWT non valido"],"fullName":"queries.ts -- getUser con JWT non valido ritorna null su token con firma alterata","status":"passed","title":"ritorna null su token con firma alterata","duration":24.57675500000005,"failureMessages":[],"meta":{}},{"ancestorTitles":["queries.ts -- getUser con JWT non valido"],"fullName":"queries.ts -- getUser con JWT non valido ritorna null su cookie assente (get ritorna undefined)","status":"passed","title":"ritorna null su cookie assente (get ritorna undefined)","duration":21.881913000000168,"failureMessages":[],"meta":{}}],"startTime":1780349709085,"endTime":1780349710110.8818,"status":"passed","message":"","name":"/home/runner/work/gencry/gencry/tests/lib/auth.test.ts"},{"assertionResults":[{"ancestorTitles":["rate-limit.ts -- checkRateLimit (soglie dal DB)"],"fullName":"rate-limit.ts -- checkRateLimit (soglie dal DB) blocca l'IP quando i tentativi superano maxAttempts dal DB","status":"passed","title":"blocca l'IP quando i tentativi superano maxAttempts dal DB","duration":179.08221699999996,"failureMessages":[],"meta":{}},{"ancestorTitles":["rate-limit.ts -- checkRateLimit (soglie dal DB)"],"fullName":"rate-limit.ts -- checkRateLimit (soglie dal DB) non blocca se i tentativi sono sotto la soglia","status":"passed","title":"non blocca se i tentativi sono sotto la soglia","duration":19.50564099999997,"failureMessages":[],"meta":{}},{"ancestorTitles":["rate-limit.ts -- checkRateLimit (soglie dal DB)"],"fullName":"rate-limit.ts -- checkRateLimit (soglie dal DB) non blocca se tentativi === 0","status":"passed","title":"non blocca se tentativi === 0","duration":15.72776399999998,"failureMessages":[],"meta":{}},{"ancestorTitles":["rate-limit.ts -- checkRateLimit (soglie dal DB)"],"fullName":"rate-limit.ts -- checkRateLimit (soglie dal DB) blocca sempre se l'IP è in blacklist, indipendentemente dai tentativi","status":"passed","title":"blocca sempre se l'IP è in blacklist, indipendentemente dai tentativi","duration":21.33367099999998,"failureMessages":[],"meta":{}},{"ancestorTitles":["rate-limit.ts -- checkRateLimit (soglie dal DB)"],"fullName":"rate-limit.ts -- checkRateLimit (soglie dal DB) remaining non scende mai sotto zero","status":"passed","title":"remaining non scende mai sotto zero","duration":20.80079999999998,"failureMessages":[],"meta":{}},{"ancestorTitles":["rate-limit.ts -- azioni admin IP"],"fullName":"rate-limit.ts -- azioni admin IP unblockIp chiama db.delete() una volta","status":"passed","title":"unblockIp chiama db.delete() una volta","duration":25.414586999999983,"failureMessages":[],"meta":{}},{"ancestorTitles":["rate-limit.ts -- azioni admin IP"],"fullName":"rate-limit.ts -- azioni admin IP blacklistIp chiama db.insert().values().onConflictDoNothing()","status":"passed","title":"blacklistIp chiama db.insert().values().onConflictDoNothing()","duration":30.728570999999988,"failureMessages":[],"meta":{}},{"ancestorTitles":["rate-limit.ts -- azioni admin IP"],"fullName":"rate-limit.ts -- azioni admin IP blacklistIp funziona anche senza reason","status":"passed","title":"blacklistIp funziona anche senza reason","duration":21.78352600000005,"failureMessages":[],"meta":{}},{"ancestorTitles":["rate-limit.ts -- azioni admin IP"],"fullName":"rate-limit.ts -- azioni admin IP removeFromBlacklist chiama db.delete() una volta","status":"passed","title":"removeFromBlacklist chiama db.delete() una volta","duration":19.582955999999967,"failureMessages":[],"meta":{}},{"ancestorTitles":["Bruteforce config — validazione Zod"],"fullName":"Bruteforce config — validazione Zod accetta valori validi","status":"passed","title":"accetta valori validi","duration":2.7109970000000203,"failureMessages":[],"meta":{}},{"ancestorTitles":["Bruteforce config — validazione Zod"],"fullName":"Bruteforce config — validazione Zod rifiuta bf_signin_max = 0","status":"passed","title":"rifiuta bf_signin_max = 0","duration":2.957943,"failureMessages":[],"meta":{}},{"ancestorTitles":["Bruteforce config — validazione Zod"],"fullName":"Bruteforce config — validazione Zod rifiuta bf_signin_max > 100","status":"passed","title":"rifiuta bf_signin_max > 100","duration":0.779365000000098,"failureMessages":[],"meta":{}},{"ancestorTitles":["Bruteforce config — validazione Zod"],"fullName":"Bruteforce config — validazione Zod rifiuta bf_window_minutes > 1440 (più di 24h)","status":"passed","title":"rifiuta bf_window_minutes > 1440 (più di 24h)","duration":0.6316760000000841,"failureMessages":[],"meta":{}},{"ancestorTitles":["Bruteforce config — validazione Zod"],"fullName":"Bruteforce config — validazione Zod rifiuta bf_lockout_minutes > 10080 (più di 7 giorni)","status":"passed","title":"rifiuta bf_lockout_minutes > 10080 (più di 7 giorni)","duration":0.7733259999999973,"failureMessages":[],"meta":{}}],"startTime":1780349709197,"endTime":1780349709560.7734,"status":"passed","message":"","name":"/home/runner/work/gencry/gencry/tests/lib/bruteforce.test.ts"},{"assertionResults":[{"ancestorTitles":["transformIp — strategy=full"],"fullName":"transformIp — strategy=full preserva l'IPv4 raw","status":"passed","title":"preserva l'IPv4 raw","duration":1.2799760000000333,"failureMessages":[],"meta":{}},{"ancestorTitles":["transformIp — strategy=full"],"fullName":"transformIp — strategy=full preserva l'IPv6 raw","status":"passed","title":"preserva l'IPv6 raw","duration":0.1624500000000353,"failureMessages":[],"meta":{}},{"ancestorTitles":["transformIp — strategy=full"],"fullName":"transformIp — strategy=full tronca a 64 caratteri (pari alla colonna DB)","status":"passed","title":"tronca a 64 caratteri (pari alla colonna DB)","duration":0.2988029999999071,"failureMessages":[],"meta":{}},{"ancestorTitles":["transformIp — strategy=full"],"fullName":"transformIp — strategy=full ritorna null su stringa vuota / whitespace","status":"passed","title":"ritorna null su stringa vuota / whitespace","duration":0.25215400000001864,"failureMessages":[],"meta":{}},{"ancestorTitles":["transformIp — strategy=hash_only"],"fullName":"transformIp — strategy=hash_only hasha l'IP intero","status":"passed","title":"hasha l'IP intero","duration":0.2303110000000288,"failureMessages":[],"meta":{}},{"ancestorTitles":["transformIp — strategy=hash_only"],"fullName":"transformIp — strategy=hash_only trim+hash così whitespace ai bordi non produce hash distinti","status":"passed","title":"trim+hash così whitespace ai bordi non produce hash distinti","duration":0.13019299999996292,"failureMessages":[],"meta":{}},{"ancestorTitles":["maskLastOctet — IPv4"],"fullName":"maskLastOctet — IPv4 azzera il quarto octet","status":"passed","title":"azzera il quarto octet","duration":0.4678830000000289,"failureMessages":[],"meta":{}},{"ancestorTitles":["maskLastOctet — IPv4"],"fullName":"maskLastOctet — IPv4 rifiuta IPv4 invalidi","status":"passed","title":"rifiuta IPv4 invalidi","duration":0.28419099999996433,"failureMessages":[],"meta":{}},{"ancestorTitles":["maskLastOctet — IPv4"],"fullName":"maskLastOctet — IPv4 gestisce IPv4-mapped IPv6 (::ffff:a.b.c.d)","status":"passed","title":"gestisce IPv4-mapped IPv6 (::ffff:a.b.c.d)","duration":0.2395050000000083,"failureMessages":[],"meta":{}},{"ancestorTitles":["maskLastOctet — IPv6"],"fullName":"maskLastOctet — IPv6 riduce un IPv6 fully-spelled al /64 prefix","status":"passed","title":"riduce un IPv6 fully-spelled al /64 prefix","duration":0.3676940000000286,"failureMessages":[],"meta":{}},{"ancestorTitles":["maskLastOctet — IPv6"],"fullName":"maskLastOctet — IPv6 espande '::' prima di mascherare","status":"passed","title":"espande '::' prima di mascherare","duration":0.2622989999999845,"failureMessages":[],"meta":{}},{"ancestorTitles":["maskLastOctet — IPv6"],"fullName":"maskLastOctet — IPv6 rifiuta IPv6 con doppio '::'","status":"passed","title":"rifiuta IPv6 con doppio '::'","duration":0.10653800000000047,"failureMessages":[],"meta":{}},{"ancestorTitles":["maskLastOctet — IPv6"],"fullName":"maskLastOctet — IPv6 rifiuta gruppi non-hex","status":"passed","title":"rifiuta gruppi non-hex","duration":0.10081900000000132,"failureMessages":[],"meta":{}},{"ancestorTitles":["maskLastOctet — IPv6"],"fullName":"maskLastOctet — IPv6 normalizza la case (output sempre lowercase)","status":"passed","title":"normalizza la case (output sempre lowercase)","duration":0.30381000000011227,"failureMessages":[],"meta":{}},{"ancestorTitles":["applyConsentLogPolicy"],"fullName":"applyConsentLogPolicy happy path: applica tutte le strategie","status":"passed","title":"happy path: applica tutte le strategie","duration":0.31744000000003325,"failureMessages":[],"meta":{}},{"ancestorTitles":["applyConsentLogPolicy"],"fullName":"applyConsentLogPolicy captureIp=false → ip null indipendentemente dall'input","status":"passed","title":"captureIp=false → ip null indipendentemente dall'input","duration":0.2192250000000513,"failureMessages":[],"meta":{}},{"ancestorTitles":["applyConsentLogPolicy"],"fullName":"applyConsentLogPolicy captureUa=false → userAgent null","status":"passed","title":"captureUa=false → userAgent null","duration":0.12883099999999104,"failureMessages":[],"meta":{}},{"ancestorTitles":["applyConsentLogPolicy"],"fullName":"applyConsentLogPolicy hashPolicy=false → policyTextHash null","status":"passed","title":"hashPolicy=false → policyTextHash null","duration":0.23894399999994675,"failureMessages":[],"meta":{}},{"ancestorTitles":["applyConsentLogPolicy"],"fullName":"applyConsentLogPolicy policyText null → policyTextHash null anche con hashPolicy=true","status":"passed","title":"policyText null → policyTextHash null anche con hashPolicy=true","duration":0.0965329999999085,"failureMessages":[],"meta":{}},{"ancestorTitles":["applyConsentLogPolicy"],"fullName":"applyConsentLogPolicy ip strategy=mask_last_octet trasforma 192.168.1.42 → 192.168.1.0","status":"passed","title":"ip strategy=mask_last_octet trasforma 192.168.1.42 → 192.168.1.0","duration":0.1961109999999735,"failureMessages":[],"meta":{}},{"ancestorTitles":["applyConsentLogPolicy"],"fullName":"applyConsentLogPolicy ip strategy=hash_only produce sha256 fittizio","status":"passed","title":"ip strategy=hash_only produce sha256 fittizio","duration":0.12989299999981085,"failureMessages":[],"meta":{}},{"ancestorTitles":["applyConsentLogPolicy"],"fullName":"applyConsentLogPolicy user agent troncato a 512 char","status":"passed","title":"user agent troncato a 512 char","duration":0.10365400000000591,"failureMessages":[],"meta":{}}],"startTime":1780349705164,"endTime":1780349705171.1038,"status":"passed","message":"","name":"/home/runner/work/gencry/gencry/tests/lib/consent-ledger-pure.test.ts"},{"assertionResults":[{"ancestorTitles":["computeAccountDeletionCandidates"],"fullName":"computeAccountDeletionCandidates non emette nulla se nessuna riga","status":"passed","title":"non emette nulla se nessuna riga","duration":1.1158140000000003,"failureMessages":[],"meta":{}},{"ancestorTitles":["computeAccountDeletionCandidates"],"fullName":"computeAccountDeletionCandidates emette severity=info dentro la grace, lontano dalla scadenza","status":"passed","title":"emette severity=info dentro la grace, lontano dalla scadenza","duration":1.369077999999945,"failureMessages":[],"meta":{}},{"ancestorTitles":["computeAccountDeletionCandidates"],"fullName":"computeAccountDeletionCandidates escala a warning a 7 giorni dalla scadenza","status":"passed","title":"escala a warning a 7 giorni dalla scadenza","duration":1.041622999999845,"failureMessages":[],"meta":{}},{"ancestorTitles":["computeAccountDeletionCandidates"],"fullName":"computeAccountDeletionCandidates escala a critical entro l'ultimo giorno","status":"passed","title":"escala a critical entro l'ultimo giorno","duration":0.14802899999995134,"failureMessages":[],"meta":{}},{"ancestorTitles":["computeAccountDeletionCandidates"],"fullName":"computeAccountDeletionCandidates non emette nulla per righe oltre la grace (msRemaining <= 0)","status":"passed","title":"non emette nulla per righe oltre la grace (msRemaining <= 0)","duration":0.23703099999988808,"failureMessages":[],"meta":{}},{"ancestorTitles":["computeAccountDeletionCandidates"],"fullName":"computeAccountDeletionCandidates emette un candidato per ogni utente in stato di soft-delete","status":"passed","title":"emette un candidato per ogni utente in stato di soft-delete","duration":0.335166000000072,"failureMessages":[],"meta":{}},{"ancestorTitles":["computeAccountDeletionCandidates"],"fullName":"computeAccountDeletionCandidates e' deterministico sulla dedupKey (stesso input -> stessa key)","status":"passed","title":"e' deterministico sulla dedupKey (stesso input -> stessa key)","duration":0.16396400000007816,"failureMessages":[],"meta":{}}],"startTime":1780349707394,"endTime":1780349707398.3352,"status":"passed","message":"","name":"/home/runner/work/gencry/gencry/tests/lib/notifications-account-deletions.test.ts"},{"assertionResults":[{"ancestorTitles":["computeCronFailureCandidates"],"fullName":"computeCronFailureCandidates nessun candidato se nessun job","status":"passed","title":"nessun candidato se nessun job","duration":1.2925950000001194,"failureMessages":[],"meta":{}},{"ancestorTitles":["computeCronFailureCandidates"],"fullName":"computeCronFailureCandidates nessun candidato se ultimo run = succeeded","status":"passed","title":"nessun candidato se ultimo run = succeeded","duration":0.18321199999991222,"failureMessages":[],"meta":{}},{"ancestorTitles":["computeCronFailureCandidates"],"fullName":"computeCronFailureCandidates nessun candidato se job disattivato (anche se ultimo run failed)","status":"passed","title":"nessun candidato se job disattivato (anche se ultimo run failed)","duration":0.11267600000019229,"failureMessages":[],"meta":{}},{"ancestorTitles":["computeCronFailureCandidates"],"fullName":"computeCronFailureCandidates nessun candidato se job senza run","status":"passed","title":"nessun candidato se job senza run","duration":0.1572230000001582,"failureMessages":[],"meta":{}},{"ancestorTitles":["computeCronFailureCandidates"],"fullName":"computeCronFailureCandidates severity warning con 1 fallimento","status":"passed","title":"severity warning con 1 fallimento","duration":1.0565859999999248,"failureMessages":[],"meta":{}},{"ancestorTitles":["computeCronFailureCandidates"],"fullName":"computeCronFailureCandidates severity warning con 4 fallimenti consecutivi","status":"passed","title":"severity warning con 4 fallimenti consecutivi","duration":0.20099800000002688,"failureMessages":[],"meta":{}},{"ancestorTitles":["computeCronFailureCandidates"],"fullName":"computeCronFailureCandidates severity critical con 5+ fallimenti consecutivi","status":"passed","title":"severity critical con 5+ fallimenti consecutivi","duration":0.14446399999997084,"failureMessages":[],"meta":{}},{"ancestorTitles":["computeCronFailureCandidates"],"fullName":"computeCronFailureCandidates conteggio si ferma al primo successo","status":"passed","title":"conteggio si ferma al primo successo","duration":0.09081500000002052,"failureMessages":[],"meta":{}},{"ancestorTitles":["computeCronFailureCandidates"],"fullName":"computeCronFailureCandidates titolo e body usano label + purpose dal registry quando disponibile","status":"passed","title":"titolo e body usano label + purpose dal registry quando disponibile","duration":0.2836600000000544,"failureMessages":[],"meta":{}},{"ancestorTitles":["computeCronFailureCandidates"],"fullName":"computeCronFailureCandidates fallback al jobname nudo se metadata non in registry","status":"passed","title":"fallback al jobname nudo se metadata non in registry","duration":0.12311200000021927,"failureMessages":[],"meta":{}},{"ancestorTitles":["computeCronFailureCandidates"],"fullName":"computeCronFailureCandidates status case-insensitive","status":"passed","title":"status case-insensitive","duration":0.16525400000000445,"failureMessages":[],"meta":{}},{"ancestorTitles":["computeCronFailureCandidates"],"fullName":"computeCronFailureCandidates tronca return message lunghi a 240 caratteri","status":"passed","title":"tronca return message lunghi a 240 caratteri","duration":0.24584500000014486,"failureMessages":[],"meta":{}}],"startTime":1780349704744,"endTime":1780349704748.2837,"status":"passed","message":"","name":"/home/runner/work/gencry/gencry/tests/lib/notifications-cron-failures.test.ts"},{"assertionResults":[{"ancestorTitles":["computeRotationCandidates"],"fullName":"computeRotationCandidates non emette nulla se nessuna riga","status":"passed","title":"non emette nulla se nessuna riga","duration":1.7502140000001418,"failureMessages":[],"meta":{}},{"ancestorTitles":["computeRotationCandidates"],"fullName":"computeRotationCandidates non emette se la chiave non e' configurata (value null)","status":"passed","title":"non emette se la chiave non e' configurata (value null)","duration":0.22553500000003623,"failureMessages":[],"meta":{}},{"ancestorTitles":["computeRotationCandidates"],"fullName":"computeRotationCandidates non emette se la chiave e' stringa vuota","status":"passed","title":"non emette se la chiave e' stringa vuota","duration":0.17732299999988754,"failureMessages":[],"meta":{}},{"ancestorTitles":["computeRotationCandidates"],"fullName":"computeRotationCandidates non emette se updatedAt manca","status":"passed","title":"non emette se updatedAt manca","duration":0.25231299999995827,"failureMessages":[],"meta":{}},{"ancestorTitles":["computeRotationCandidates"],"fullName":"computeRotationCandidates non emette se entro la soglia (ageDays <= maxAgeDays)","status":"passed","title":"non emette se entro la soglia (ageDays <= maxAgeDays)","duration":0.3379909999998745,"failureMessages":[],"meta":{}},{"ancestorTitles":["computeRotationCandidates"],"fullName":"computeRotationCandidates emette severity=info appena oltre la soglia","status":"passed","title":"emette severity=info appena oltre la soglia","duration":1.5755750000000717,"failureMessages":[],"meta":{}},{"ancestorTitles":["computeRotationCandidates"],"fullName":"computeRotationCandidates escala a warning oltre maxAgeDays + 30","status":"passed","title":"escala a warning oltre maxAgeDays + 30","duration":0.15892600000006496,"failureMessages":[],"meta":{}},{"ancestorTitles":["computeRotationCandidates"],"fullName":"computeRotationCandidates escala a critical oltre maxAgeDays + 90","status":"passed","title":"escala a critical oltre maxAgeDays + 90","duration":0.2273160000002008,"failureMessages":[],"meta":{}},{"ancestorTitles":["computeRotationCandidates"],"fullName":"computeRotationCandidates e' deterministico sulla dedupKey (stesso input -> stessa key)","status":"passed","title":"e' deterministico sulla dedupKey (stesso input -> stessa key)","duration":0.2643709999999828,"failureMessages":[],"meta":{}},{"ancestorTitles":["computeRotationCandidates"],"fullName":"computeRotationCandidates ignora chiavi non presenti tra i target","status":"passed","title":"ignora chiavi non presenti tra i target","duration":0.20489400000019486,"failureMessages":[],"meta":{}},{"ancestorTitles":["computeRotationCandidates"],"fullName":"computeRotationCandidates emette un candidato per ogni target scaduto","status":"passed","title":"emette un candidato per ogni target scaduto","duration":0.4821440000000621,"failureMessages":[],"meta":{}}],"startTime":1780349705938,"endTime":1780349705943.4822,"status":"passed","message":"","name":"/home/runner/work/gencry/gencry/tests/lib/notifications-rotation.test.ts"},{"assertionResults":[{"ancestorTitles":["parseUserAgent — fallback"],"fullName":"parseUserAgent — fallback ritorna 'sconosciuto' su null/undefined/empty","status":"passed","title":"ritorna 'sconosciuto' su null/undefined/empty","duration":1.376760000000104,"failureMessages":[],"meta":{}},{"ancestorTitles":["parseUserAgent — desktop"],"fullName":"parseUserAgent — desktop Chrome su Windows 10/11","status":"passed","title":"Chrome su Windows 10/11","duration":0.7738070000000334,"failureMessages":[],"meta":{}},{"ancestorTitles":["parseUserAgent — desktop"],"fullName":"parseUserAgent — desktop Safari su macOS","status":"passed","title":"Safari su macOS","duration":0.5493539999999939,"failureMessages":[],"meta":{}},{"ancestorTitles":["parseUserAgent — desktop"],"fullName":"parseUserAgent — desktop Edge non viene confuso con Chrome","status":"passed","title":"Edge non viene confuso con Chrome","duration":0.16034800000011273,"failureMessages":[],"meta":{}},{"ancestorTitles":["parseUserAgent —
[...]
s.ts requireAdminPage() redirige a /admin/sign-in se autenticato ma senza admin:access","status":"passed","title":"redirige a /admin/sign-in se autenticato ma senza admin:access","duration":32.87109299999997,"failureMessages":[],"meta":{}},{"ancestorTitles":["guards.ts","requireAdminPage()"],"fullName":"guards.ts requireAdminPage() ritorna utente se ha admin:access via ruolo","status":"passed","title":"ritorna utente se ha admin:access via ruolo","duration":20.40509300000008,"failureMessages":[],"meta":{}},{"ancestorTitles":["guards.ts","requireAdminPage()"],"fullName":"guards.ts requireAdminPage() ritorna utente se isAdmin=true (bypassa RBAC)","status":"passed","title":"ritorna utente se isAdmin=true (bypassa RBAC)","duration":18.59996100000012,"failureMessages":[],"meta":{}},{"ancestorTitles":["guards.ts","requireAdminSectionPage()"],"fullName":"guards.ts requireAdminSectionPage() redirige a /admin/sign-in se non autenticato","status":"passed","title":"redirige a /admin/sign-in se non autenticato","duration":21.803875000000062,"failureMessages":[],"meta":{}},{"ancestorTitles":["guards.ts","requireAdminSectionPage()"],"fullName":"guards.ts requireAdminSectionPage() bypassa tutto se isAdmin=true","status":"passed","title":"bypassa tutto se isAdmin=true","duration":17.717292999999927,"failureMessages":[],"meta":{}},{"ancestorTitles":["guards.ts","requireAdminSectionPage()"],"fullName":"guards.ts requireAdminSectionPage() redirige a /admin/sign-in se non ha admin:access","status":"passed","title":"redirige a /admin/sign-in se non ha admin:access","duration":27.300684000000047,"failureMessages":[],"meta":{}},{"ancestorTitles":["guards.ts","requireAdminSectionPage()"],"fullName":"guards.ts requireAdminSectionPage() redirige a /admin se ha admin:access ma non il permesso della sezione","status":"passed","title":"redirige a /admin se ha admin:access ma non il permesso della sezione","duration":18.389889999999923,"failureMessages":[],"meta":{}},{"ancestorTitles":["guards.ts","requireAdminSectionPage()"],"fullName":"guards.ts requireAdminSectionPage() ritorna utente se ha sia admin:access sia il permesso della sezione","status":"passed","title":"ritorna utente se ha sia admin:access sia il permesso della sezione","duration":17.97522600000002,"failureMessages":[],"meta":{}}],"startTime":1780349701834,"endTime":1780349702367.9753,"status":"passed","message":"","name":"/home/runner/work/gencry/gencry/tests/lib/rbac.test.ts"},{"assertionResults":[{"ancestorTitles":["upsertRouteAction — validazione schema"],"fullName":"upsertRouteAction — validazione schema accetta una route valida completa","status":"passed","title":"accetta una route valida completa","duration":1.9777710000000752,"failureMessages":[],"meta":{}},{"ancestorTitles":["upsertRouteAction — validazione schema"],"fullName":"upsertRouteAction — validazione schema accetta una route senza id (create)","status":"passed","title":"accetta una route senza id (create)","duration":0.18356200000016543,"failureMessages":[],"meta":{}},{"ancestorTitles":["upsertRouteAction — validazione schema"],"fullName":"upsertRouteAction — validazione schema accetta una route con id uuid (update)","status":"passed","title":"accetta una route con id uuid (update)","duration":0.20814899999982117,"failureMessages":[],"meta":{}},{"ancestorTitles":["upsertRouteAction — validazione schema"],"fullName":"upsertRouteAction — validazione schema rifiuta pathname senza slash iniziale","status":"passed","title":"rifiuta pathname senza slash iniziale","duration":0.5746710000000803,"failureMessages":[],"meta":{}},{"ancestorTitles":["upsertRouteAction — validazione schema"],"fullName":"upsertRouteAction — validazione schema rifiuta pathname vuoto","status":"passed","title":"rifiuta pathname vuoto","duration":0.2811770000000706,"failureMessages":[],"meta":{}},{"ancestorTitles":["upsertRouteAction — validazione schema"],"fullName":"upsertRouteAction — validazione schema rifiuta label vuota","status":"passed","title":"rifiuta label vuota","duration":0.1870369999999184,"failureMessages":[],"meta":{}},{"ancestorTitles":["upsertRouteAction — validazione schema"],"fullName":"upsertRouteAction — validazione schema rifiuta visibility non valida","status":"passed","title":"rifiuta visibility non valida","duration":0.17817399999989902,"failureMessages":[],"meta":{}},{"ancestorTitles":["upsertRouteAction — validazione schema"],"fullName":"upsertRouteAction — validazione schema rifiuta id non-uuid","status":"passed","title":"rifiuta id non-uuid","duration":0.366942999999992,"failureMessages":[],"meta":{}},{"ancestorTitles":["upsertRouteAction — validazione schema"],"fullName":"upsertRouteAction — validazione schema label oltre 150 caratteri viene rifiutata","status":"passed","title":"label oltre 150 caratteri viene rifiutata","duration":0.26908899999989444,"failureMessages":[],"meta":{}},{"ancestorTitles":["flag booleani — coercion da FormData string"],"fullName":"flag booleani — coercion da FormData string converte correttamente i flag quando tutti true","status":"passed","title":"converte correttamente i flag quando tutti true","duration":0.5680809999998928,"failureMessages":[],"meta":{}},{"ancestorTitles":["flag booleani — coercion da FormData string"],"fullName":"flag booleani — coercion da FormData string converte correttamente i flag quando tutti false","status":"passed","title":"converte correttamente i flag quando tutti false","duration":0.12563599999998587,"failureMessages":[],"meta":{}},{"ancestorTitles":["flag booleani — coercion da FormData string"],"fullName":"flag booleani — coercion da FormData string inSitemap e isActive sono true se assenti (default checkbox HTML)","status":"passed","title":"inSitemap e isActive sono true se assenti (default checkbox HTML)","duration":0.0940490000000409,"failureMessages":[],"meta":{}},{"ancestorTitles":["flag booleani — coercion da FormData string"],"fullName":"flag booleani — coercion da FormData string inNav e inFooter sono false se assenti (default false)","status":"passed","title":"inNav e inFooter sono false se assenti (default false)","duration":0.07621299999982512,"failureMessages":[],"meta":{}}],"startTime":1780349705605,"endTime":1780349705610.1257,"status":"passed","message":"","name":"/home/runner/work/gencry/gencry/tests/lib/route-registry-actions.test.ts"},{"assertionResults":[{"ancestorTitles":["follows-cache L1 + invalidate"],"fullName":"follows-cache L1 + invalidate returns Set vuoto se DB ritorna []","status":"passed","title":"returns Set vuoto se DB ritorna []","duration":53.61685499999999,"failureMessages":[],"meta":{}},{"ancestorTitles":["follows-cache L1 + invalidate"],"fullName":"follows-cache L1 + invalidate cache locale evita seconda DB call per stesso viewer","status":"passed","title":"cache locale evita seconda DB call per stesso viewer","duration":0.606659000000036,"failureMessages":[],"meta":{}},{"ancestorTitles":["follows-cache L1 + invalidate"],"fullName":"follows-cache L1 + invalidate invalidateFollowingSet svuota L1 → prossimo read riCarica da DB","status":"passed","title":"invalidateFollowingSet svuota L1 → prossimo read riCarica da DB","duration":0.5685330000000022,"failureMessages":[],"meta":{}},{"ancestorTitles":["follows-cache L1 + invalidate"],"fullName":"follows-cache L1 + invalidate DB error → Set vuoto, never-throw","status":"passed","title":"DB error → Set vuoto, never-throw","duration":3.329584000000011,"failureMessages":[],"meta":{}},{"ancestorTitles":["postsFromFollowingFragment"],"fullName":"postsFromFollowingFragment ritorna undefined su empty set (no-op nel where)","status":"passed","title":"ritorna undefined su empty set (no-op nel where)","duration":73.76202400000005,"failureMessages":[],"meta":{}},{"ancestorTitles":["postsFromFollowingFragment"],"fullName":"postsFromFollowingFragment ritorna SQL fragment su set non vuoto","status":"passed","title":"ritorna SQL fragment su set non vuoto","duration":0.6035640000000058,"failureMessages":[],"meta":{}},{"ancestorTitles":["followUserAction — gates"],"fullName":"followUserAction — gates unauthenticated → error code unauthenticated","status":"passed","title":"unauthenticated → error code unauthenticated","duration":39.14329900000001,"failureMessages":[],"meta":{}},{"ancestorTitles":["followUserAction — gates"],"fullName":"followUserAction — gates self-follow → error code self_follow (no DB write)","status":"passed","title":"self-follow → error code self_follow (no DB write)","duration":1.716653000000008,"failureMessages":[],"meta":{}},{"ancestorTitles":["unfollowUserAction — gates"],"fullName":"unfollowUserAction — gates unauthenticated → error code unauthenticated","status":"passed","title":"unauthenticated → error code unauthenticated","duration":0.5081829999999741,"failureMessages":[],"meta":{}},{"ancestorTitles":["unfollowUserAction — gates"],"fullName":"unfollowUserAction — gates self-unfollow → error code self_follow (no DB write)","status":"passed","title":"self-unfollow → error code self_follow (no DB write)","duration":0.4083049999999844,"failureMessages":[],"meta":{}}],"startTime":1780349709874,"endTime":1780349710049.4082,"status":"passed","message":"","name":"/home/runner/work/gencry/gencry/tests/lib/social-graph.test.ts"},{"assertionResults":[{"ancestorTitles":["String utilities"],"fullName":"String utilities converte prima lettera in maiuscolo","status":"passed","title":"converte prima lettera in maiuscolo","duration":1.011288000000036,"failureMessages":[],"meta":{}},{"ancestorTitles":["String utilities"],"fullName":"String utilities troncamento testo lungo","status":"passed","title":"troncamento testo lungo","duration":0.20682700000008936,"failureMessages":[],"meta":{}},{"ancestorTitles":["Slug generation"],"fullName":"Slug generation genera slug da titolo","status":"passed","title":"genera slug da titolo","duration":0.2358399999999392,"failureMessages":[],"meta":{}},{"ancestorTitles":["Validation helpers"],"fullName":"Validation helpers validazione email base","status":"passed","title":"validazione email base","duration":0.3267240000000129,"failureMessages":[],"meta":{}},{"ancestorTitles":["Validation helpers"],"fullName":"Validation helpers controlla che la password sia almeno 8 caratteri","status":"passed","title":"controlla che la password sia almeno 8 caratteri","duration":0.14875000000006366,"failureMessages":[],"meta":{}}],"startTime":1780349707667,"endTime":1780349707669.1487,"status":"passed","message":"","name":"/home/runner/work/gencry/gencry/tests/lib/utils.test.ts"},{"assertionResults":[{"ancestorTitles":["computeNextContentVersion"],"fullName":"computeNextContentVersion incrementa il numero progressivo nello stesso mese","status":"passed","title":"incrementa il numero progressivo nello stesso mese","duration":3.0007160000000113,"failureMessages":[],"meta":{}},{"ancestorTitles":["computeNextContentVersion"],"fullName":"computeNextContentVersion resetta a 1 quando il mese cambia","status":"passed","title":"resetta a 1 quando il mese cambia","duration":0.3564979999998741,"failureMessages":[],"meta":{}},{"ancestorTitles":["computeNextContentVersion"],"fullName":"computeNextContentVersion resetta a 1 se il formato è sconosciuto","status":"passed","title":"resetta a 1 se il formato è sconosciuto","duration":0.3330839999998716,"failureMessages":[],"meta":{}},{"ancestorTitles":["computeNextContentVersion"],"fullName":"computeNextContentVersion gestisce correttamente il cambio anno","status":"passed","title":"gestisce correttamente il cambio anno","duration":0.1969819999999345,"failureMessages":[],"meta":{}},{"ancestorTitles":["deletePageCascade — system page guard"],"fullName":"deletePageCascade — system page guard lancia SYSTEM_PAGE_PROTECTED per pagine di sistema (mock DB)","status":"passed","title":"lancia SYSTEM_PAGE_PROTECTED per pagine di sistema (mock DB)","duration":1.6586480000000847,"failureMessages":[],"meta":{}}],"startTime":1780349707465,"endTime":1780349707470.6587,"status":"passed","message":"","name":"/home/runner/work/gencry/gencry/tests/unit/pages-versioning.test.ts"},{"assertionResults":[{"ancestorTitles":["aes-gcm"],"fullName":"aes-gcm round-trip preserva la stringa originale","status":"passed","title":"round-trip preserva la stringa originale","duration":7.888980000000004,"failureMessages":[],"meta":{}},{"ancestorTitles":["aes-gcm"],"fullName":"aes-gcm ciphertext + iv + tag sono base64 validi","status":"passed","title":"ciphertext + iv + tag sono base64 validi","duration":0.6221819999999525,"failureMessages":[],"meta":{}},{"ancestorTitles":["aes-gcm"],"fullName":"aes-gcm due encrypt dello stesso plaintext producono iv diversi","status":"passed","title":"due encrypt dello stesso plaintext producono iv diversi","duration":1.1023840000000291,"failureMessages":[],"meta":{}},{"ancestorTitles":["aes-gcm"],"fullName":"aes-gcm decrypt con tag manomesso fallisce","status":"passed","title":"decrypt con tag manomesso fallisce","duration":1.1837639999999965,"failureMessages":[],"meta":{}},{"ancestorTitles":["aes-gcm"],"fullName":"aes-gcm decrypt con ciphertext manomesso fallisce","status":"passed","title":"decrypt con ciphertext manomesso fallisce","duration":0.6835330000000113,"failureMessages":[],"meta":{}},{"ancestorTitles":["aes-gcm"],"fullName":"aes-gcm decrypt con chiave sbagliata fallisce","status":"passed","title":"decrypt con chiave sbagliata fallisce","duration":0.5296549999999911,"failureMessages":[],"meta":{}},{"ancestorTitles":["aes-gcm"],"fullName":"aes-gcm rifiuta chiave di lunghezza diversa da 32 byte","status":"passed","title":"rifiuta chiave di lunghezza diversa da 32 byte","duration":0.3773289999999747,"failureMessages":[],"meta":{}},{"ancestorTitles":["aes-gcm"],"fullName":"aes-gcm encryptSecret usa MFA_ENCRYPTION_KEY dall'env","status":"passed","title":"encryptSecret usa MFA_ENCRYPTION_KEY dall'env","duration":1.9791829999999777,"failureMessages":[],"meta":{}},{"ancestorTitles":["aes-gcm"],"fullName":"aes-gcm encryptSecret throwa se MFA_ENCRYPTION_KEY non e' settato","status":"passed","title":"encryptSecret throwa se MFA_ENCRYPTION_KEY non e' settato","duration":1.3398749999999495,"failureMessages":[],"meta":{}}],"startTime":1780349710209,"endTime":1780349710225.3398,"status":"passed","message":"","name":"/home/runner/work/gencry/gencry/tests/lib/mfa/aes-gcm.test.ts"},{"assertionResults":[{"ancestorTitles":["recovery-codes"],"fullName":"recovery-codes genera 10 codici nel formato xxxxx-xxxxx","status":"passed","title":"genera 10 codici nel formato xxxxx-xxxxx","duration":9.950083000000006,"failureMessages":[],"meta":{}},{"ancestorTitles":["recovery-codes"],"fullName":"recovery-codes i 10 codici sono tutti diversi (entropia OK)","status":"passed","title":"i 10 codici sono tutti diversi (entropia OK)","duration":0.3328730000000064,"failureMessages":[],"meta":{}},{"ancestorTitles":["recovery-codes"],"fullName":"recovery-codes non usa caratteri ambigui (0, o, 1, i, l)","status":"passed","title":"non usa caratteri ambigui (0, o, 1, i, l)","duration":3.972927000000027,"failureMessages":[],"meta":{}},{"ancestorTitles":["recovery-codes"],"fullName":"recovery-codes normalizeRecoveryCode tollera maiuscole, spazi e dash mancanti","status":"passed","title":"normalizeRecoveryCode tollera maiuscole, spazi e dash mancanti","duration":0.46435800000000427,"failureMessages":[],"meta":{}},{"ancestorTitles":["recovery-codes"],"fullName":"recovery-codes hashRecoveryCode + compareRecoveryCode round-trip","status":"passed","title":"hashRecoveryCode + compareRecoveryCode round-trip","duration":222.95813900000002,"failureMessages":[],"meta":{}},{"ancestorTitles":["recovery-codes"],"fullName":"recovery-codes due hash dello stesso codice sono diversi (salt)","status":"passed","title":"due hash dello stesso codice sono diversi (salt)","duration":143.47471800000005,"failureMessages":[],"meta":{}}],"startTime":1780349710333,"endTime":1780349710714.4746,"status":"passed","message":"","name":"/home/runner/work/gencry/gencry/tests/lib/mfa/recovery-codes.test.ts"},{"assertionResults":[{"ancestorTitles":["totp - RFC 6238 vectors"],"fullName":"totp - RFC 6238 vectors T=59 → '94287082'","status":"passed","title":"T=59 → '94287082'","duration":13.163554999999974,"failureMessages":[],"meta":{}},{"ancestorTitles":["totp - RFC 6238 vectors"],"fullName":"totp - RFC 6238 vectors T=1111111109 → '07081804'","status":"passed","title":"T=1111111109 → '07081804'","duration":0.3816150000000107,"failureMessages":[],"meta":{}},{"ancestorTitles":["totp - RFC 6238 vectors"],"fullName":"totp - RFC 6238 vectors T=1111111111 → '14050471'","status":"passed","title":"T=1111111111 → '14050471'","duration":0.1968819999999596,"failureMessages":[],"meta":{}},{"ancestorTitles":["totp - RFC 6238 vectors"],"fullName":"totp - RFC 6238 vectors T=1234567890 → '89005924'","status":"passed","title":"T=1234567890 → '89005924'","duration":0.288517000000013,"failureMessages":[],"meta":{}},{"ancestorTitles":["totp - RFC 6238 vectors"],"fullName":"totp - RFC 6238 vectors T=2000000000 → '69279037'","status":"passed","title":"T=2000000000 → '69279037'","duration":0.2958889999999883,"failureMessages":[],"meta":{}},{"ancestorTitles":["totp - generation/verification round-trip"],"fullName":"totp - generation/verification round-trip getCurrentTotpCode produce 6 cifre","status":"passed","title":"getCurrentTotpCode produce 6 cifre","duration":0.5388590000000022,"failureMessages":[],"meta":{}},{"ancestorTitles":["totp - generation/verification round-trip"],"fullName":"totp - generation/verification round-trip verifyTotpToken accetta il codice corrente","status":"passed","title":"verifyTotpToken accetta il codice corrente","duration":0.33484599999997045,"failureMessages":[],"meta":{}},{"ancestorTitles":["totp - generation/verification round-trip"],"fullName":"totp - generation/verification round-trip verifyTotpToken rifiuta un codice random non valido","status":"passed","title":"verifyTotpToken rifiuta un codice random non valido","duration":0.3675649999999564,"failureMessages":[],"meta":{}},{"ancestorTitles":["totp - generation/verification round-trip"],"fullName":"totp - generation/verification round-trip buildOtpauthUrl produce un URI otpauth:// con i parametri attesi","status":"passed","title":"buildOtpauthUrl produce un URI otpauth:// con i parametri attesi","duration":0.5600200000000086,"failureMessages":[],"meta":{}},{"ancestorTitles":["totp - window tolerance"],"fullName":"totp - window tolerance accetta un codice del passo precedente (window = 1)","status":"passed","title":"accetta un codice del passo precedente (window = 1)","duration":0.3410959999999932,"failureMessages":[],"meta":{}},{"ancestorTitles":["totp - window tolerance"],"fullName":"totp - window tolerance rifiuta un codice di 2 step fa (fuori window)","status":"passed","title":"rifiuta un codice di 2 step fa (fuori window)","duration":0.34045400000002246,"failureMessages":[],"meta":{}},{"ancestorTitles":["totp - replay prevention"],"fullName":"totp - replay prevention rifiuta lo stesso codice se gia' usato (counter <= lastUsedCounter)","status":"passed","title":"rifiuta lo stesso codice se gia' usato (counter <= lastUsedCounter)","duration":0.3891869999999926,"failureMessages":[],"meta":{}},{"ancestorTitles":["totp - replay prevention"],"fullName":"totp - replay prevention permette il codice del passo successivo (counter > lastUsedCounter)","status":"passed","title":"permette il codice del passo successivo (counter > lastUsedCounter)","duration":0.40300700000000234,"failureMessages":[],"meta":{}},{"ancestorTitles":["totp - replay prevention"],"fullName":"totp - replay prevention lastUsedCounter null/undefined non blocca la prima verifica","status":"passed","title":"lastUsedCounter null/undefined non blocca la prima verifica","duration":0.3995620000000031,"failureMessages":[],"meta":{}}],"startTime":1780349709886,"endTime":1780349709904.403,"status":"passed","message":"","name":"/home/runner/work/gencry/gencry/tests/lib/mfa/totp.test.ts"}]}